2019-01-15 8:05:14pm - inside _doCall cookie: /Users/toanle/Documents/workspace/code_trunk//swpg_files/cptac/panorama/cookie20190115200514_5c3e3cfa41297.txt
2019-01-15 8:05:14pm - inside _doCall httpMethod: GET
2019-01-15 8:05:14pm - inside _doCall path: /selectRows.api
2019-01-15 8:05:14pm - inside _doCall parameters: Array
2019-01-15 8:05:14pm - inside _doCall lab: CPTAC_TEST
2019-01-15 8:05:14pm - inside _doCall celllysate_path: test
2019-01-15 8:05:14pm - inside _doCall library: ResponseCurve
2019-01-15 8:05:14pm - inside _doCall peptide: 
2019-01-15 8:05:14pm - inside _doCall plot_type: 
2019-01-15 8:05:14pm - inside _doCall protein: 
2019-01-15 8:05:14pm - inside _doCall csv: 
2019-01-15 8:05:14pm - inside _doCall peptideType: 
2019-01-15 8:05:14pm - _doCall:  - Query Name: Peptide - Library: ResponseCurve
URL: http://cptac-proliant-linux.esacinc.com/labkey//query/CPTAC%20Assay%20Portal/CPTAC_TEST/test/ResponseCurve/selectRows.api?schemaName=targetedms&query.queryName=Peptide&query.columns=Sequence%2CPeptideModifiedSequence%2CRtCalculatorScore%2CStartIndex%2CEndIndex%2CCalcNeutralMass%2CPeptideGroupId%2FLabel%2CPeptideGroupId%2FRunId%2CPeptideGroupId%2FRunId%2FCreated%2CPeptideGroupId%2FRunId%2FFile%2FFileName%2CPeptideGroupId%2FDescription
2019-01-15 8:05:14pm - _doCall Result - : SUCCESS
2019-01-15 8:07:53pm - inside _doCall cookie: /Users/toanle/Documents/workspace/code_trunk//swpg_files/cptac/panorama/cookie20190115200753_5c3e3d995fa5e.txt
2019-01-15 8:07:53pm - inside _doCall httpMethod: GET
2019-01-15 8:07:53pm - inside _doCall path: /selectRows.api
2019-01-15 8:07:53pm - inside _doCall parameters: Array
2019-01-15 8:07:53pm - inside _doCall lab: CPTAC_TEST
2019-01-15 8:07:53pm - inside _doCall celllysate_path: test
2019-01-15 8:07:53pm - inside _doCall library: ResponseCurve
2019-01-15 8:07:53pm - inside _doCall peptide: 
2019-01-15 8:07:53pm - inside _doCall plot_type: 
2019-01-15 8:07:53pm - inside _doCall protein: 
2019-01-15 8:07:53pm - inside _doCall csv: 
2019-01-15 8:07:53pm - inside _doCall peptideType: 
2019-01-15 8:07:53pm - _doCall:  - Query Name: Peptide - Library: ResponseCurve
URL: http://cptac-proliant-linux.esacinc.com/labkey//query/CPTAC%20Assay%20Portal/CPTAC_TEST/test/ResponseCurve/selectRows.api?schemaName=targetedms&query.queryName=Peptide&query.columns=Sequence%2CPeptideModifiedSequence%2CRtCalculatorScore%2CStartIndex%2CEndIndex%2CCalcNeutralMass%2CPeptideGroupId%2FLabel%2CPeptideGroupId%2FRunId%2CPeptideGroupId%2FRunId%2FCreated%2CPeptideGroupId%2FRunId%2FFile%2FFileName%2CPeptideGroupId%2FDescription
2019-01-15 8:07:53pm - _doCall Result - : SUCCESS
2019-01-15 8:08:03pm - inside _doCall cookie: /Users/toanle/Documents/workspace/code_trunk//swpg_files/cptac/panorama/cookie20190115200802_5c3e3da2b9eff.txt
2019-01-15 8:08:03pm - inside _doCall httpMethod: GET
2019-01-15 8:08:03pm - inside _doCall path: /selectRows.api
2019-01-15 8:08:03pm - inside _doCall parameters: Array
2019-01-15 8:08:03pm - inside _doCall lab: CPTAC_TEST
2019-01-15 8:08:03pm - inside _doCall celllysate_path: test
2019-01-15 8:08:03pm - inside _doCall library: ResponseCurve
2019-01-15 8:08:03pm - inside _doCall peptide: 
2019-01-15 8:08:03pm - inside _doCall plot_type: 
2019-01-15 8:08:03pm - inside _doCall protein: 
2019-01-15 8:08:03pm - inside _doCall csv: 
2019-01-15 8:08:03pm - inside _doCall peptideType: 
2019-01-15 8:08:03pm - _doCall:  - Query Name: Peptide - Library: ResponseCurve
URL: http://cptac-proliant-linux.esacinc.com/labkey//query/CPTAC%20Assay%20Portal/CPTAC_TEST/test/ResponseCurve/selectRows.api?schemaName=targetedms&query.queryName=Peptide&query.columns=Sequence%2CPeptideModifiedSequence%2CRtCalculatorScore%2CStartIndex%2CEndIndex%2CCalcNeutralMass%2CPeptideGroupId%2FLabel%2CPeptideGroupId%2FRunId%2CPeptideGroupId%2FRunId%2FCreated%2CPeptideGroupId%2FRunId%2FFile%2FFileName%2CPeptideGroupId%2FDescription
2019-01-15 8:08:03pm - _doCall Result - : SUCCESS
2019-01-15 8:08:36pm - inside _doCall cookie: /Users/toanle/Documents/workspace/code_trunk//swpg_files/cptac/panorama/cookie20190115200836_5c3e3dc415381.txt
2019-01-15 8:08:36pm - inside _doCall httpMethod: GET
2019-01-15 8:08:36pm - inside _doCall path: /selectRows.api
2019-01-15 8:08:36pm - inside _doCall parameters: Array
2019-01-15 8:08:36pm - inside _doCall lab: CPTAC_TEST
2019-01-15 8:08:36pm - inside _doCall celllysate_path: test
2019-01-15 8:08:36pm - inside _doCall library: ResponseCurve
2019-01-15 8:08:36pm - inside _doCall peptide: 
2019-01-15 8:08:36pm - inside _doCall plot_type: 
2019-01-15 8:08:36pm - inside _doCall protein: 
2019-01-15 8:08:36pm - inside _doCall csv: 
2019-01-15 8:08:36pm - inside _doCall peptideType: 
2019-01-15 8:08:36pm - _doCall:  - Query Name: Peptide - Library: ResponseCurve
URL: http://cptac-proliant-linux.esacinc.com/labkey//query/CPTAC%20Assay%20Portal/CPTAC_TEST/test/ResponseCurve/selectRows.api?schemaName=targetedms&query.queryName=Peptide&query.columns=Sequence%2CPeptideModifiedSequence%2CRtCalculatorScore%2CStartIndex%2CEndIndex%2CCalcNeutralMass%2CPeptideGroupId%2FLabel%2CPeptideGroupId%2FRunId%2CPeptideGroupId%2FRunId%2FCreated%2CPeptideGroupId%2FRunId%2FFile%2FFileName%2CPeptideGroupId%2FDescription
2019-01-15 8:08:36pm - _doCall Result - : SUCCESS
2019-01-15 8:13:32pm - inside _doCall cookie: /Users/toanle/Documents/workspace/code_trunk//swpg_files/cptac/panorama/cookie20190115201331_5c3e3eebdf8eb.txt
2019-01-15 8:13:32pm - inside _doCall httpMethod: GET
2019-01-15 8:13:32pm - inside _doCall path: /selectRows.api
2019-01-15 8:13:32pm - inside _doCall parameters: Array
2019-01-15 8:13:32pm - inside _doCall lab: CPTAC_TEST
2019-01-15 8:13:32pm - inside _doCall celllysate_path: test
2019-01-15 8:13:32pm - inside _doCall library: ResponseCurve
2019-01-15 8:13:32pm - inside _doCall peptide: 
2019-01-15 8:13:32pm - inside _doCall plot_type: 
2019-01-15 8:13:32pm - inside _doCall protein: 
2019-01-15 8:13:32pm - inside _doCall csv: 
2019-01-15 8:13:32pm - inside _doCall peptideType: 
2019-01-15 8:13:32pm - _doCall:  - Query Name: Peptide - Library: ResponseCurve
URL: http://cptac-proliant-linux.esacinc.com/labkey//query/CPTAC%20Assay%20Portal/CPTAC_TEST/test/ResponseCurve/selectRows.api?schemaName=targetedms&query.queryName=Peptide&query.columns=Sequence%2CPeptideModifiedSequence%2CRtCalculatorScore%2CStartIndex%2CEndIndex%2CCalcNeutralMass%2CPeptideGroupId%2FLabel%2CPeptideGroupId%2FRunId%2CPeptideGroupId%2FRunId%2FCreated%2CPeptideGroupId%2FRunId%2FFile%2FFileName%2CPeptideGroupId%2FDescription
2019-01-15 8:13:32pm - _doCall Result - : SUCCESS
2019-01-15 8:15:07pm - inside _doCall cookie: /Users/toanle/Documents/workspace/code_trunk//swpg_files/cptac/panorama/cookie20190115201457_5c3e3f41ece27.txt
2019-01-15 8:15:07pm - inside _doCall httpMethod: GET
2019-01-15 8:15:07pm - inside _doCall path: /selectRows.api
2019-01-15 8:15:07pm - inside _doCall parameters: Array
2019-01-15 8:15:07pm - inside _doCall lab: CPTAC_TEST
2019-01-15 8:15:07pm - inside _doCall celllysate_path: test_folder
2019-01-15 8:15:07pm - inside _doCall library: ResponseCurve
2019-01-15 8:15:07pm - inside _doCall peptide: 
2019-01-15 8:15:07pm - inside _doCall plot_type: 
2019-01-15 8:15:07pm - inside _doCall protein: 
2019-01-15 8:15:07pm - inside _doCall csv: 
2019-01-15 8:15:07pm - inside _doCall peptideType: 
2019-01-15 8:15:07pm - _doCall:  - Query Name: Peptide - Library: ResponseCurve
URL: http://cptac-proliant-linux.esacinc.com/labkey//query/CPTAC%20Assay%20Portal/CPTAC_TEST/test_folder/ResponseCurve/selectRows.api?schemaName=targetedms&query.queryName=Peptide&query.columns=Sequence%2CPeptideModifiedSequence%2CRtCalculatorScore%2CStartIndex%2CEndIndex%2CCalcNeutralMass%2CPeptideGroupId%2FLabel%2CPeptideGroupId%2FRunId%2CPeptideGroupId%2FRunId%2FCreated%2CPeptideGroupId%2FRunId%2FFile%2FFileName%2CPeptideGroupId%2FDescription
2019-01-15 8:15:07pm - _doCall Result - : SUCCESS
2019-01-15 8:15:48pm - inside _doCall cookie: /Users/toanle/Documents/workspace/code_trunk//swpg_files/cptac/panorama/cookie20190115201547_5c3e3f739f998.txt
2019-01-15 8:15:48pm - inside _doCall httpMethod: GET
2019-01-15 8:15:48pm - inside _doCall path: /selectRows.api
2019-01-15 8:15:48pm - inside _doCall parameters: Array
2019-01-15 8:15:48pm - inside _doCall lab: CPTAC_TEST
2019-01-15 8:15:48pm - inside _doCall celllysate_path: test_folder
2019-01-15 8:15:48pm - inside _doCall library: ResponseCurve
2019-01-15 8:15:48pm - inside _doCall peptide: 
2019-01-15 8:15:48pm - inside _doCall plot_type: 
2019-01-15 8:15:48pm - inside _doCall protein: 
2019-01-15 8:15:48pm - inside _doCall csv: 
2019-01-15 8:15:48pm - inside _doCall peptideType: 
2019-01-15 8:15:48pm - _doCall:  - Query Name: Peptide - Library: ResponseCurve
URL: http://cptac-proliant-linux.esacinc.com/labkey//query/CPTAC%20Assay%20Portal/CPTAC_TEST/test_folder/ResponseCurve/selectRows.api?schemaName=targetedms&query.queryName=Peptide&query.columns=Sequence%2CPeptideModifiedSequence%2CRtCalculatorScore%2CStartIndex%2CEndIndex%2CCalcNeutralMass%2CPeptideGroupId%2FLabel%2CPeptideGroupId%2FRunId%2CPeptideGroupId%2FRunId%2FCreated%2CPeptideGroupId%2FRunId%2FFile%2FFileName%2CPeptideGroupId%2FDescription
2019-01-15 8:15:48pm - _doCall Result - : SUCCESS
2019-01-15 8:17:51pm - inside _doCall cookie: /Users/toanle/Documents/workspace/code_trunk//swpg_files/cptac/panorama/cookie20190115201751_5c3e3fef9afa2.txt
2019-01-15 8:17:51pm - inside _doCall httpMethod: GET
2019-01-15 8:17:51pm - inside _doCall path: /selectRows.api
2019-01-15 8:17:51pm - inside _doCall parameters: Array
2019-01-15 8:17:51pm - inside _doCall lab: CPTAC_TEST
2019-01-15 8:17:51pm - inside _doCall celllysate_path: test_folder
2019-01-15 8:17:51pm - inside _doCall library: ResponseCurve
2019-01-15 8:17:51pm - inside _doCall peptide: 
2019-01-15 8:17:51pm - inside _doCall plot_type: 
2019-01-15 8:17:51pm - inside _doCall protein: 
2019-01-15 8:17:51pm - inside _doCall csv: 
2019-01-15 8:17:51pm - inside _doCall peptideType: 
2019-01-15 8:17:51pm - _doCall:  - Query Name: Peptide - Library: ResponseCurve
URL: http://cptac-proliant-linux.esacinc.com/labkey//query/CPTAC%20Assay%20Portal/CPTAC_TEST/test_folder/ResponseCurve/selectRows.api?schemaName=targetedms&query.queryName=Peptide&query.columns=Sequence%2CPeptideModifiedSequence%2CRtCalculatorScore%2CStartIndex%2CEndIndex%2CCalcNeutralMass%2CPeptideGroupId%2FLabel%2CPeptideGroupId%2FRunId%2CPeptideGroupId%2FRunId%2FCreated%2CPeptideGroupId%2FRunId%2FFile%2FFileName%2CPeptideGroupId%2FDescription
2019-01-15 8:17:51pm - _doCall Result - : SUCCESS
2019-01-15 8:19:17pm - inside _doCall cookie: /Users/toanle/Documents/workspace/code_trunk//swpg_files/cptac/panorama/cookie20190115201917_5c3e404554715.txt
2019-01-15 8:19:17pm - inside _doCall httpMethod: GET
2019-01-15 8:19:17pm - inside _doCall path: /selectRows.api
2019-01-15 8:19:17pm - inside _doCall parameters: Array
2019-01-15 8:19:17pm - inside _doCall lab: CPTAC_TEST
2019-01-15 8:19:17pm - inside _doCall celllysate_path: test_folder
2019-01-15 8:19:17pm - inside _doCall library: ResponseCurve
2019-01-15 8:19:17pm - inside _doCall peptide: 
2019-01-15 8:19:17pm - inside _doCall plot_type: 
2019-01-15 8:19:17pm - inside _doCall protein: 
2019-01-15 8:19:17pm - inside _doCall csv: 
2019-01-15 8:19:17pm - inside _doCall peptideType: 
2019-01-15 8:19:17pm - _doCall:  - Query Name: Peptide - Library: ResponseCurve
URL: http://cptac-proliant-linux.esacinc.com/labkey//query/CPTAC%20Assay%20Portal/CPTAC_TEST/test_folder/ResponseCurve/selectRows.api?schemaName=targetedms&query.queryName=Peptide&query.columns=Sequence%2CPeptideModifiedSequence%2CRtCalculatorScore%2CStartIndex%2CEndIndex%2CCalcNeutralMass%2CPeptideGroupId%2FLabel%2CPeptideGroupId%2FRunId%2CPeptideGroupId%2FRunId%2FCreated%2CPeptideGroupId%2FRunId%2FFile%2FFileName%2CPeptideGroupId%2FDescription
2019-01-15 8:19:17pm - _doCall Result - : SUCCESS
2019-01-15 8:20:39pm - inside _doCall cookie: /Users/toanle/Documents/workspace/code_trunk//swpg_files/cptac/panorama/cookie20190115202039_5c3e40976e188.txt
2019-01-15 8:20:39pm - inside _doCall httpMethod: GET
2019-01-15 8:20:39pm - inside _doCall path: /selectRows.api
2019-01-15 8:20:39pm - inside _doCall parameters: Array
2019-01-15 8:20:39pm - inside _doCall lab: CPTAC_TEST
2019-01-15 8:20:39pm - inside _doCall celllysate_path: test_folder
2019-01-15 8:20:39pm - inside _doCall library: ResponseCurve
2019-01-15 8:20:39pm - inside _doCall peptide: 
2019-01-15 8:20:39pm - inside _doCall plot_type: 
2019-01-15 8:20:39pm - inside _doCall protein: 
2019-01-15 8:20:39pm - inside _doCall csv: 
2019-01-15 8:20:39pm - inside _doCall peptideType: 
2019-01-15 8:20:39pm - _doCall:  - Query Name: Peptide - Library: ResponseCurve
URL: http://cptac-proliant-linux.esacinc.com/labkey//query/CPTAC%20Assay%20Portal/CPTAC_TEST/test_folder/ResponseCurve/selectRows.api?schemaName=targetedms&query.queryName=Peptide&query.columns=Sequence%2CPeptideModifiedSequence%2CRtCalculatorScore%2CStartIndex%2CEndIndex%2CCalcNeutralMass%2CPeptideGroupId%2FLabel%2CPeptideGroupId%2FRunId%2CPeptideGroupId%2FRunId%2FCreated%2CPeptideGroupId%2FRunId%2FFile%2FFileName%2CPeptideGroupId%2FDescription
2019-01-15 8:20:39pm - _doCall Result - : SUCCESS
2019-01-15 8:20:41pm - inside _doCall cookie: /Users/toanle/Documents/workspace/code_trunk//swpg_files/cptac/panorama/cookie20190115202039_5c3e40976e188.txt
2019-01-15 8:20:41pm - inside _doCall httpMethod: GET
2019-01-15 8:20:41pm - inside _doCall path: /getQuery.view
2019-01-15 8:20:41pm - inside _doCall parameters: Array
2019-01-15 8:20:41pm - inside _doCall lab: CPTAC_TEST
2019-01-15 8:20:41pm - inside _doCall celllysate_path: test_folder
2019-01-15 8:20:41pm - inside _doCall library: ResponseCurve
2019-01-15 8:20:41pm - inside _doCall peptide: LDQPGNLPGSNR
2019-01-15 8:20:41pm - inside _doCall plot_type: 
2019-01-15 8:20:41pm - inside _doCall protein: 
2019-01-15 8:20:41pm - inside _doCall csv: 
2019-01-15 8:20:41pm - inside _doCall peptideType: 
2019-01-15 8:20:41pm - _doCall: LDQPGNLPGSNR - Query Name: PeptideIsotopeLabelModifications - Library: ResponseCurve
URL: http://cptac-proliant-linux.esacinc.com/labkey//query/CPTAC%20Assay%20Portal/CPTAC_TEST/test_folder/ResponseCurve/getQuery.view?schemaName=targetedms&query.queryName=PeptideIsotopeLabelModifications&query.PeptideModifiedSequence%7Eeq=LDQPGNLPGSNR
2019-01-15 8:20:41pm - _doCall Result - LDQPGNLPGSNR: SUCCESS
2019-01-15 8:20:42pm - inside _doCall cookie: /Users/toanle/Documents/workspace/code_trunk//swpg_files/cptac/panorama/cookie20190115202039_5c3e40976e188.txt
2019-01-15 8:20:42pm - inside _doCall httpMethod: GET
2019-01-15 8:20:42pm - inside _doCall path: /getQuery.view
2019-01-15 8:20:42pm - inside _doCall parameters: Array
2019-01-15 8:20:42pm - inside _doCall lab: CPTAC_TEST
2019-01-15 8:20:42pm - inside _doCall celllysate_path: test_folder
2019-01-15 8:20:42pm - inside _doCall library: ResponseCurve
2019-01-15 8:20:42pm - inside _doCall peptide: AQYEEIANR
2019-01-15 8:20:42pm - inside _doCall plot_type: 
2019-01-15 8:20:42pm - inside _doCall protein: 
2019-01-15 8:20:42pm - inside _doCall csv: 
2019-01-15 8:20:42pm - inside _doCall peptideType: 
2019-01-15 8:20:42pm - _doCall: AQYEEIANR - Query Name: PeptideIsotopeLabelModifications - Library: ResponseCurve
URL: http://cptac-proliant-linux.esacinc.com/labkey//query/CPTAC%20Assay%20Portal/CPTAC_TEST/test_folder/ResponseCurve/getQuery.view?schemaName=targetedms&query.queryName=PeptideIsotopeLabelModifications&query.PeptideModifiedSequence%7Eeq=AQYEEIANR
2019-01-15 8:20:42pm - _doCall Result - AQYEEIANR: SUCCESS
2019-01-15 8:20:43pm - inside _doCall cookie: /Users/toanle/Documents/workspace/code_trunk//swpg_files/cptac/panorama/cookie20190115202039_5c3e40976e188.txt
2019-01-15 8:20:43pm - inside _doCall httpMethod: GET
2019-01-15 8:20:43pm - inside _doCall path: /getQuery.view
2019-01-15 8:20:43pm - inside _doCall parameters: Array
2019-01-15 8:20:43pm - inside _doCall lab: CPTAC_TEST
2019-01-15 8:20:43pm - inside _doCall celllysate_path: test_folder
2019-01-15 8:20:43pm - inside _doCall library: ResponseCurve
2019-01-15 8:20:43pm - inside _doCall peptide: AGLTLQQQHQR
2019-01-15 8:20:43pm - inside _doCall plot_type: 
2019-01-15 8:20:43pm - inside _doCall protein: 
2019-01-15 8:20:43pm - inside _doCall csv: 
2019-01-15 8:20:43pm - inside _doCall peptideType: 
2019-01-15 8:20:43pm - _doCall: AGLTLQQQHQR - Query Name: PeptideIsotopeLabelModifications - Library: ResponseCurve
URL: http://cptac-proliant-linux.esacinc.com/labkey//query/CPTAC%20Assay%20Portal/CPTAC_TEST/test_folder/ResponseCurve/getQuery.view?schemaName=targetedms&query.queryName=PeptideIsotopeLabelModifications&query.PeptideModifiedSequence%7Eeq=AGLTLQQQHQR
2019-01-15 8:20:43pm - _doCall Result - AGLTLQQQHQR: SUCCESS
2019-01-15 8:20:44pm - inside _doCall cookie: /Users/toanle/Documents/workspace/code_trunk//swpg_files/cptac/panorama/cookie20190115202039_5c3e40976e188.txt
2019-01-15 8:20:44pm - inside _doCall httpMethod: GET
2019-01-15 8:20:44pm - inside _doCall path: /getQuery.view
2019-01-15 8:20:44pm - inside _doCall parameters: Array
2019-01-15 8:20:44pm - inside _doCall lab: CPTAC_TEST
2019-01-15 8:20:44pm - inside _doCall celllysate_path: test_folder
2019-01-15 8:20:44pm - inside _doCall library: ResponseCurve
2019-01-15 8:20:44pm - inside _doCall peptide: GLQSLPTHDPSPLQR
2019-01-15 8:20:44pm - inside _doCall plot_type: 
2019-01-15 8:20:44pm - inside _doCall protein: 
2019-01-15 8:20:44pm - inside _doCall csv: 
2019-01-15 8:20:44pm - inside _doCall peptideType: 
2019-01-15 8:20:44pm - _doCall: GLQSLPTHDPSPLQR - Query Name: PeptideIsotopeLabelModifications - Library: ResponseCurve
URL: http://cptac-proliant-linux.esacinc.com/labkey//query/CPTAC%20Assay%20Portal/CPTAC_TEST/test_folder/ResponseCurve/getQuery.view?schemaName=targetedms&query.queryName=PeptideIsotopeLabelModifications&query.PeptideModifiedSequence%7Eeq=GLQSLPTHDPSPLQR
2019-01-15 8:20:44pm - _doCall Result - GLQSLPTHDPSPLQR: SUCCESS
2019-01-15 8:20:44pm - inside _doCall cookie: /Users/toanle/Documents/workspace/code_trunk//swpg_files/cptac/panorama/cookie20190115202039_5c3e40976e188.txt
2019-01-15 8:20:44pm - inside _doCall httpMethod: GET
2019-01-15 8:20:44pm - inside _doCall path: /getQuery.view
2019-01-15 8:20:44pm - inside _doCall parameters: Array
2019-01-15 8:20:44pm - inside _doCall lab: CPTAC_TEST
2019-01-15 8:20:44pm - inside _doCall celllysate_path: test_folder
2019-01-15 8:20:44pm - inside _doCall library: ResponseCurve
2019-01-15 8:20:44pm - inside _doCall peptide: GVTIPSQR
2019-01-15 8:20:44pm - inside _doCall plot_type: 
2019-01-15 8:20:44pm - inside _doCall protein: 
2019-01-15 8:20:44pm - inside _doCall csv: 
2019-01-15 8:20:44pm - inside _doCall peptideType: 
2019-01-15 8:20:44pm - _doCall: GVTIPSQR - Query Name: PeptideIsotopeLabelModifications - Library: ResponseCurve
URL: http://cptac-proliant-linux.esacinc.com/labkey//query/CPTAC%20Assay%20Portal/CPTAC_TEST/test_folder/ResponseCurve/getQuery.view?schemaName=targetedms&query.queryName=PeptideIsotopeLabelModifications&query.PeptideModifiedSequence%7Eeq=GVTIPSQR
2019-01-15 8:20:44pm - _doCall Result - GVTIPSQR: SUCCESS
2019-01-15 8:20:45pm - inside _doCall cookie: /Users/toanle/Documents/workspace/code_trunk//swpg_files/cptac/panorama/cookie20190115202039_5c3e40976e188.txt
2019-01-15 8:20:45pm - inside _doCall httpMethod: GET
2019-01-15 8:20:45pm - inside _doCall path: /getQuery.view
2019-01-15 8:20:45pm - inside _doCall parameters: Array
2019-01-15 8:20:45pm - inside _doCall lab: CPTAC_TEST
2019-01-15 8:20:45pm - inside _doCall celllysate_path: test_folder
2019-01-15 8:20:45pm - inside _doCall library: ResponseCurve
2019-01-15 8:20:45pm - inside _doCall peptide: LTFQLEPNPHTK
2019-01-15 8:20:45pm - inside _doCall plot_type: 
2019-01-15 8:20:45pm - inside _doCall protein: 
2019-01-15 8:20:45pm - inside _doCall csv: 
2019-01-15 8:20:45pm - inside _doCall peptideType: 
2019-01-15 8:20:45pm - _doCall: LTFQLEPNPHTK - Query Name: PeptideIsotopeLabelModifications - Library: ResponseCurve
URL: http://cptac-proliant-linux.esacinc.com/labkey//query/CPTAC%20Assay%20Portal/CPTAC_TEST/test_folder/ResponseCurve/getQuery.view?schemaName=targetedms&query.queryName=PeptideIsotopeLabelModifications&query.PeptideModifiedSequence%7Eeq=LTFQLEPNPHTK
2019-01-15 8:20:45pm - _doCall Result - LTFQLEPNPHTK: SUCCESS
2019-01-15 8:23:41pm - inside _doCall cookie: /Users/toanle/Documents/workspace/code_trunk//swpg_files/cptac/panorama/cookie20190115202334_5c3e4146a6319.txt
2019-01-15 8:23:41pm - inside _doCall httpMethod: GET
2019-01-15 8:23:41pm - inside _doCall path: /selectRows.api
2019-01-15 8:23:41pm - inside _doCall parameters: Array
2019-01-15 8:23:41pm - inside _doCall lab: CPTAC_TEST
2019-01-15 8:23:41pm - inside _doCall celllysate_path: test_folder
2019-01-15 8:23:41pm - inside _doCall library: ResponseCurve
2019-01-15 8:23:41pm - inside _doCall peptide: 
2019-01-15 8:23:41pm - inside _doCall plot_type: 
2019-01-15 8:23:41pm - inside _doCall protein: 
2019-01-15 8:23:41pm - inside _doCall csv: 
2019-01-15 8:23:41pm - inside _doCall peptideType: 
2019-01-15 8:23:41pm - _doCall:  - Query Name: Peptide - Library: ResponseCurve
URL: http://cptac-proliant-linux.esacinc.com/labkey//query/CPTAC%20Assay%20Portal/CPTAC_TEST/test_folder/ResponseCurve/selectRows.api?schemaName=targetedms&query.queryName=Peptide&query.columns=Sequence%2CPeptideModifiedSequence%2CRtCalculatorScore%2CStartIndex%2CEndIndex%2CCalcNeutralMass%2CPeptideGroupId%2FLabel%2CPeptideGroupId%2FRunId%2CPeptideGroupId%2FRunId%2FCreated%2CPeptideGroupId%2FRunId%2FFile%2FFileName%2CPeptideGroupId%2FDescription
2019-01-15 8:23:41pm - _doCall Result - : SUCCESS
2019-01-15 8:23:43pm - inside _doCall cookie: /Users/toanle/Documents/workspace/code_trunk//swpg_files/cptac/panorama/cookie20190115202334_5c3e4146a6319.txt
2019-01-15 8:23:43pm - inside _doCall httpMethod: GET
2019-01-15 8:23:43pm - inside _doCall path: /getQuery.view
2019-01-15 8:23:43pm - inside _doCall parameters: Array
2019-01-15 8:23:43pm - inside _doCall lab: CPTAC_TEST
2019-01-15 8:23:43pm - inside _doCall celllysate_path: test_folder
2019-01-15 8:23:43pm - inside _doCall library: ResponseCurve
2019-01-15 8:23:43pm - inside _doCall peptide: LDQPGNLPGSNR
2019-01-15 8:23:43pm - inside _doCall plot_type: 
2019-01-15 8:23:43pm - inside _doCall protein: 
2019-01-15 8:23:43pm - inside _doCall csv: 
2019-01-15 8:23:43pm - inside _doCall peptideType: 
2019-01-15 8:23:43pm - _doCall: LDQPGNLPGSNR - Query Name: PeptideIsotopeLabelModifications - Library: ResponseCurve
URL: http://cptac-proliant-linux.esacinc.com/labkey//query/CPTAC%20Assay%20Portal/CPTAC_TEST/test_folder/ResponseCurve/getQuery.view?schemaName=targetedms&query.queryName=PeptideIsotopeLabelModifications&query.PeptideModifiedSequence%7Eeq=LDQPGNLPGSNR
2019-01-15 8:23:43pm - _doCall Result - LDQPGNLPGSNR: SUCCESS
2019-01-15 8:23:44pm - inside _doCall cookie: /Users/toanle/Documents/workspace/code_trunk//swpg_files/cptac/panorama/cookie20190115202334_5c3e4146a6319.txt
2019-01-15 8:23:44pm - inside _doCall httpMethod: GET
2019-01-15 8:23:44pm - inside _doCall path: /getQuery.view
2019-01-15 8:23:44pm - inside _doCall parameters: Array
2019-01-15 8:23:44pm - inside _doCall lab: CPTAC_TEST
2019-01-15 8:23:44pm - inside _doCall celllysate_path: test_folder
2019-01-15 8:23:44pm - inside _doCall library: ResponseCurve
2019-01-15 8:23:44pm - inside _doCall peptide: AQYEEIANR
2019-01-15 8:23:44pm - inside _doCall plot_type: 
2019-01-15 8:23:44pm - inside _doCall protein: 
2019-01-15 8:23:44pm - inside _doCall csv: 
2019-01-15 8:23:44pm - inside _doCall peptideType: 
2019-01-15 8:23:44pm - _doCall: AQYEEIANR - Query Name: PeptideIsotopeLabelModifications - Library: ResponseCurve
URL: http://cptac-proliant-linux.esacinc.com/labkey//query/CPTAC%20Assay%20Portal/CPTAC_TEST/test_folder/ResponseCurve/getQuery.view?schemaName=targetedms&query.queryName=PeptideIsotopeLabelModifications&query.PeptideModifiedSequence%7Eeq=AQYEEIANR
2019-01-15 8:23:44pm - _doCall Result - AQYEEIANR: SUCCESS
2019-01-15 8:23:45pm - inside _doCall cookie: /Users/toanle/Documents/workspace/code_trunk//swpg_files/cptac/panorama/cookie20190115202334_5c3e4146a6319.txt
2019-01-15 8:23:45pm - inside _doCall httpMethod: GET
2019-01-15 8:23:45pm - inside _doCall path: /getQuery.view
2019-01-15 8:23:45pm - inside _doCall parameters: Array
2019-01-15 8:23:45pm - inside _doCall lab: CPTAC_TEST
2019-01-15 8:23:45pm - inside _doCall celllysate_path: test_folder
2019-01-15 8:23:45pm - inside _doCall library: ResponseCurve
2019-01-15 8:23:45pm - inside _doCall peptide: AGLTLQQQHQR
2019-01-15 8:23:45pm - inside _doCall plot_type: 
2019-01-15 8:23:45pm - inside _doCall protein: 
2019-01-15 8:23:45pm - inside _doCall csv: 
2019-01-15 8:23:45pm - inside _doCall peptideType: 
2019-01-15 8:23:45pm - _doCall: AGLTLQQQHQR - Query Name: PeptideIsotopeLabelModifications - Library: ResponseCurve
URL: http://cptac-proliant-linux.esacinc.com/labkey//query/CPTAC%20Assay%20Portal/CPTAC_TEST/test_folder/ResponseCurve/getQuery.view?schemaName=targetedms&query.queryName=PeptideIsotopeLabelModifications&query.PeptideModifiedSequence%7Eeq=AGLTLQQQHQR
2019-01-15 8:23:45pm - _doCall Result - AGLTLQQQHQR: SUCCESS
2019-01-15 8:23:45pm - inside _doCall cookie: /Users/toanle/Documents/workspace/code_trunk//swpg_files/cptac/panorama/cookie20190115202334_5c3e4146a6319.txt
2019-01-15 8:23:45pm - inside _doCall httpMethod: GET
2019-01-15 8:23:45pm - inside _doCall path: /getQuery.view
2019-01-15 8:23:45pm - inside _doCall parameters: Array
2019-01-15 8:23:45pm - inside _doCall lab: CPTAC_TEST
2019-01-15 8:23:45pm - inside _doCall celllysate_path: test_folder
2019-01-15 8:23:45pm - inside _doCall library: ResponseCurve
2019-01-15 8:23:45pm - inside _doCall peptide: GLQSLPTHDPSPLQR
2019-01-15 8:23:45pm - inside _doCall plot_type: 
2019-01-15 8:23:45pm - inside _doCall protein: 
2019-01-15 8:23:45pm - inside _doCall csv: 
2019-01-15 8:23:45pm - inside _doCall peptideType: 
2019-01-15 8:23:45pm - _doCall: GLQSLPTHDPSPLQR - Query Name: PeptideIsotopeLabelModifications - Library: ResponseCurve
URL: http://cptac-proliant-linux.esacinc.com/labkey//query/CPTAC%20Assay%20Portal/CPTAC_TEST/test_folder/ResponseCurve/getQuery.view?schemaName=targetedms&query.queryName=PeptideIsotopeLabelModifications&query.PeptideModifiedSequence%7Eeq=GLQSLPTHDPSPLQR
2019-01-15 8:23:45pm - _doCall Result - GLQSLPTHDPSPLQR: SUCCESS
2019-01-15 8:23:46pm - inside _doCall cookie: /Users/toanle/Documents/workspace/code_trunk//swpg_files/cptac/panorama/cookie20190115202334_5c3e4146a6319.txt
2019-01-15 8:23:46pm - inside _doCall httpMethod: GET
2019-01-15 8:23:46pm - inside _doCall path: /getQuery.view
2019-01-15 8:23:46pm - inside _doCall parameters: Array
2019-01-15 8:23:46pm - inside _doCall lab: CPTAC_TEST
2019-01-15 8:23:46pm - inside _doCall celllysate_path: test_folder
2019-01-15 8:23:46pm - inside _doCall library: ResponseCurve
2019-01-15 8:23:46pm - inside _doCall peptide: GVTIPSQR
2019-01-15 8:23:46pm - inside _doCall plot_type: 
2019-01-15 8:23:46pm - inside _doCall protein: 
2019-01-15 8:23:46pm - inside _doCall csv: 
2019-01-15 8:23:46pm - inside _doCall peptideType: 
2019-01-15 8:23:46pm - _doCall: GVTIPSQR - Query Name: PeptideIsotopeLabelModifications - Library: ResponseCurve
URL: http://cptac-proliant-linux.esacinc.com/labkey//query/CPTAC%20Assay%20Portal/CPTAC_TEST/test_folder/ResponseCurve/getQuery.view?schemaName=targetedms&query.queryName=PeptideIsotopeLabelModifications&query.PeptideModifiedSequence%7Eeq=GVTIPSQR
2019-01-15 8:23:46pm - _doCall Result - GVTIPSQR: SUCCESS
2019-01-15 8:23:47pm - inside _doCall cookie: /Users/toanle/Documents/workspace/code_trunk//swpg_files/cptac/panorama/cookie20190115202334_5c3e4146a6319.txt
2019-01-15 8:23:47pm - inside _doCall httpMethod: GET
2019-01-15 8:23:47pm - inside _doCall path: /getQuery.view
2019-01-15 8:23:47pm - inside _doCall parameters: Array
2019-01-15 8:23:47pm - inside _doCall lab: CPTAC_TEST
2019-01-15 8:23:47pm - inside _doCall celllysate_path: test_folder
2019-01-15 8:23:47pm - inside _doCall library: ResponseCurve
2019-01-15 8:23:47pm - inside _doCall peptide: LTFQLEPNPHTK
2019-01-15 8:23:47pm - inside _doCall plot_type: 
2019-01-15 8:23:47pm - inside _doCall protein: 
2019-01-15 8:23:47pm - inside _doCall csv: 
2019-01-15 8:23:47pm - inside _doCall peptideType: 
2019-01-15 8:23:47pm - _doCall: LTFQLEPNPHTK - Query Name: PeptideIsotopeLabelModifications - Library: ResponseCurve
URL: http://cptac-proliant-linux.esacinc.com/labkey//query/CPTAC%20Assay%20Portal/CPTAC_TEST/test_folder/ResponseCurve/getQuery.view?schemaName=targetedms&query.queryName=PeptideIsotopeLabelModifications&query.PeptideModifiedSequence%7Eeq=LTFQLEPNPHTK
2019-01-15 8:23:47pm - _doCall Result - LTFQLEPNPHTK: SUCCESS
2019-01-15 8:33:06pm - inside _doCall cookie: /Users/toanle/Documents/workspace/code_trunk//swpg_files/cptac/panorama/cookie20190115203259_5c3e437b81d3e.txt
2019-01-15 8:33:06pm - inside _doCall httpMethod: GET
2019-01-15 8:33:06pm - inside _doCall path: /selectRows.api
2019-01-15 8:33:06pm - inside _doCall parameters: Array
2019-01-15 8:33:06pm - inside _doCall lab: CPTAC_TEST
2019-01-15 8:33:06pm - inside _doCall celllysate_path: test_folder
2019-01-15 8:33:06pm - inside _doCall library: ResponseCurve
2019-01-15 8:33:06pm - inside _doCall peptide: 
2019-01-15 8:33:06pm - inside _doCall plot_type: 
2019-01-15 8:33:06pm - inside _doCall protein: 
2019-01-15 8:33:06pm - inside _doCall csv: 
2019-01-15 8:33:06pm - inside _doCall peptideType: 
2019-01-15 8:33:06pm - _doCall:  - Query Name: Peptide - Library: ResponseCurve
URL: http://cptac-proliant-linux.esacinc.com/labkey//query/CPTAC%20Assay%20Portal/CPTAC_TEST/test_folder/ResponseCurve/selectRows.api?schemaName=targetedms&query.queryName=Peptide&query.columns=Sequence%2CPeptideModifiedSequence%2CRtCalculatorScore%2CStartIndex%2CEndIndex%2CCalcNeutralMass%2CPeptideGroupId%2FLabel%2CPeptideGroupId%2FRunId%2CPeptideGroupId%2FRunId%2FCreated%2CPeptideGroupId%2FRunId%2FFile%2FFileName%2CPeptideGroupId%2FDescription
2019-01-15 8:33:06pm - _doCall Result - : SUCCESS
2019-01-15 8:33:09pm - inside _doCall cookie: /Users/toanle/Documents/workspace/code_trunk//swpg_files/cptac/panorama/cookie20190115203259_5c3e437b81d3e.txt
2019-01-15 8:33:09pm - inside _doCall httpMethod: GET
2019-01-15 8:33:09pm - inside _doCall path: /selectRows.api
2019-01-15 8:33:09pm - inside _doCall parameters: Array
2019-01-15 8:33:09pm - inside _doCall lab: CPTAC_TEST
2019-01-15 8:33:09pm - inside _doCall celllysate_path: test_folder
2019-01-15 8:33:09pm - inside _doCall library: ChromatogramLibrary
2019-01-15 8:33:09pm - inside _doCall peptide: 
2019-01-15 8:33:09pm - inside _doCall plot_type: 
2019-01-15 8:33:09pm - inside _doCall protein: 
2019-01-15 8:33:09pm - inside _doCall csv: 
2019-01-15 8:33:09pm - inside _doCall peptideType: 
2019-01-15 8:33:09pm - _doCall:  - Query Name: ModificationType - Library: ChromatogramLibrary
URL: http://cptac-proliant-linux.esacinc.com/labkey//query/CPTAC%20Assay%20Portal/CPTAC_TEST/test_folder/ChromatogramLibrary/selectRows.api?schemaName=targetedms&query.queryName=ModificationType&query.PeptideId%2FPeptideModifiedSequence%7Eeq=LDQPGNLPGSNR
2019-01-15 8:33:10pm - _doCall Result - : SUCCESS
2019-01-15 8:33:10pm - inside _doCall cookie: /Users/toanle/Documents/workspace/code_trunk//swpg_files/cptac/panorama/cookie20190115203259_5c3e437b81d3e.txt
2019-01-15 8:33:10pm - inside _doCall httpMethod: GET
2019-01-15 8:33:10pm - inside _doCall path: /selectRows.api
2019-01-15 8:33:10pm - inside _doCall parameters: Array
2019-01-15 8:33:10pm - inside _doCall lab: CPTAC_TEST
2019-01-15 8:33:10pm - inside _doCall celllysate_path: test_folder
2019-01-15 8:33:10pm - inside _doCall library: ResponseCurve
2019-01-15 8:33:10pm - inside _doCall peptide: 
2019-01-15 8:33:10pm - inside _doCall plot_type: 
2019-01-15 8:33:10pm - inside _doCall protein: 
2019-01-15 8:33:10pm - inside _doCall csv: 
2019-01-15 8:33:10pm - inside _doCall peptideType: 
2019-01-15 8:33:10pm - _doCall:  - Query Name: PeptideStructuralModification - Library: ResponseCurve
URL: http://cptac-proliant-linux.esacinc.com/labkey//query/CPTAC%20Assay%20Portal/CPTAC_TEST/test_folder/ResponseCurve/selectRows.api?schemaName=targetedms&query.queryName=PeptideStructuralModification&query.columns=IndexAA
2019-01-15 8:33:10pm - _doCall Result - : SUCCESS
2019-01-15 8:33:11pm - inside _doCall cookie: /Users/toanle/Documents/workspace/code_trunk//swpg_files/cptac/panorama/cookie20190115203259_5c3e437b81d3e.txt
2019-01-15 8:33:11pm - inside _doCall httpMethod: GET
2019-01-15 8:33:11pm - inside _doCall path: /selectRows.api
2019-01-15 8:33:11pm - inside _doCall parameters: Array
2019-01-15 8:33:11pm - inside _doCall lab: CPTAC_TEST
2019-01-15 8:33:11pm - inside _doCall celllysate_path: test_folder
2019-01-15 8:33:11pm - inside _doCall library: ChromatogramLibrary
2019-01-15 8:33:11pm - inside _doCall peptide: 
2019-01-15 8:33:11pm - inside _doCall plot_type: 
2019-01-15 8:33:11pm - inside _doCall protein: 
2019-01-15 8:33:11pm - inside _doCall csv: 
2019-01-15 8:33:11pm - inside _doCall peptideType: 
2019-01-15 8:33:11pm - _doCall:  - Query Name: ModificationType - Library: ChromatogramLibrary
URL: http://cptac-proliant-linux.esacinc.com/labkey//query/CPTAC%20Assay%20Portal/CPTAC_TEST/test_folder/ChromatogramLibrary/selectRows.api?schemaName=targetedms&query.queryName=ModificationType&query.PeptideId%2FPeptideModifiedSequence%7Eeq=AQYEEIANR
2019-01-15 8:33:11pm - _doCall Result - : SUCCESS
2019-01-15 8:33:11pm - inside _doCall cookie: /Users/toanle/Documents/workspace/code_trunk//swpg_files/cptac/panorama/cookie20190115203259_5c3e437b81d3e.txt
2019-01-15 8:33:11pm - inside _doCall httpMethod: GET
2019-01-15 8:33:11pm - inside _doCall path: /selectRows.api
2019-01-15 8:33:11pm - inside _doCall parameters: Array
2019-01-15 8:33:11pm - inside _doCall lab: CPTAC_TEST
2019-01-15 8:33:11pm - inside _doCall celllysate_path: test_folder
2019-01-15 8:33:11pm - inside _doCall library: ResponseCurve
2019-01-15 8:33:11pm - inside _doCall peptide: 
2019-01-15 8:33:11pm - inside _doCall plot_type: 
2019-01-15 8:33:11pm - inside _doCall protein: 
2019-01-15 8:33:11pm - inside _doCall csv: 
2019-01-15 8:33:11pm - inside _doCall peptideType: 
2019-01-15 8:33:11pm - _doCall:  - Query Name: PeptideStructuralModification - Library: ResponseCurve
URL: http://cptac-proliant-linux.esacinc.com/labkey//query/CPTAC%20Assay%20Portal/CPTAC_TEST/test_folder/ResponseCurve/selectRows.api?schemaName=targetedms&query.queryName=PeptideStructuralModification&query.columns=IndexAA
2019-01-15 8:33:11pm - _doCall Result - : SUCCESS
2019-01-15 8:33:14pm - inside _doCall cookie: /Users/toanle/Documents/workspace/code_trunk//swpg_files/cptac/panorama/cookie20190115203259_5c3e437b81d3e.txt
2019-01-15 8:33:14pm - inside _doCall httpMethod: GET
2019-01-15 8:33:14pm - inside _doCall path: /selectRows.api
2019-01-15 8:33:14pm - inside _doCall parameters: Array
2019-01-15 8:33:14pm - inside _doCall lab: CPTAC_TEST
2019-01-15 8:33:14pm - inside _doCall celllysate_path: test_folder
2019-01-15 8:33:14pm - inside _doCall library: ChromatogramLibrary
2019-01-15 8:33:14pm - inside _doCall peptide: 
2019-01-15 8:33:14pm - inside _doCall plot_type: 
2019-01-15 8:33:14pm - inside _doCall protein: 
2019-01-15 8:33:14pm - inside _doCall csv: 
2019-01-15 8:33:14pm - inside _doCall peptideType: 
2019-01-15 8:33:14pm - _doCall:  - Query Name: ModificationType - Library: ChromatogramLibrary
URL: http://cptac-proliant-linux.esacinc.com/labkey//query/CPTAC%20Assay%20Portal/CPTAC_TEST/test_folder/ChromatogramLibrary/selectRows.api?schemaName=targetedms&query.queryName=ModificationType&query.PeptideId%2FPeptideModifiedSequence%7Eeq=AGLTLQQQHQR
2019-01-15 8:33:14pm - _doCall Result - : SUCCESS
2019-01-15 8:33:14pm - inside _doCall cookie: /Users/toanle/Documents/workspace/code_trunk//swpg_files/cptac/panorama/cookie20190115203259_5c3e437b81d3e.txt
2019-01-15 8:33:14pm - inside _doCall httpMethod: GET
2019-01-15 8:33:14pm - inside _doCall path: /selectRows.api
2019-01-15 8:33:14pm - inside _doCall parameters: Array
2019-01-15 8:33:14pm - inside _doCall lab: CPTAC_TEST
2019-01-15 8:33:14pm - inside _doCall celllysate_path: test_folder
2019-01-15 8:33:14pm - inside _doCall library: ResponseCurve
2019-01-15 8:33:14pm - inside _doCall peptide: 
2019-01-15 8:33:14pm - inside _doCall plot_type: 
2019-01-15 8:33:14pm - inside _doCall protein: 
2019-01-15 8:33:14pm - inside _doCall csv: 
2019-01-15 8:33:14pm - inside _doCall peptideType: 
2019-01-15 8:33:14pm - _doCall:  - Query Name: PeptideStructuralModification - Library: ResponseCurve
URL: http://cptac-proliant-linux.esacinc.com/labkey//query/CPTAC%20Assay%20Portal/CPTAC_TEST/test_folder/ResponseCurve/selectRows.api?schemaName=targetedms&query.queryName=PeptideStructuralModification&query.columns=IndexAA
2019-01-15 8:33:14pm - _doCall Result - : SUCCESS
2019-01-15 8:33:17pm - inside _doCall cookie: /Users/toanle/Documents/workspace/code_trunk//swpg_files/cptac/panorama/cookie20190115203259_5c3e437b81d3e.txt
2019-01-15 8:33:17pm - inside _doCall httpMethod: GET
2019-01-15 8:33:17pm - inside _doCall path: /selectRows.api
2019-01-15 8:33:17pm - inside _doCall parameters: Array
2019-01-15 8:33:17pm - inside _doCall lab: CPTAC_TEST
2019-01-15 8:33:17pm - inside _doCall celllysate_path: test_folder
2019-01-15 8:33:17pm - inside _doCall library: ChromatogramLibrary
2019-01-15 8:33:17pm - inside _doCall peptide: 
2019-01-15 8:33:17pm - inside _doCall plot_type: 
2019-01-15 8:33:17pm - inside _doCall protein: 
2019-01-15 8:33:17pm - inside _doCall csv: 
2019-01-15 8:33:17pm - inside _doCall peptideType: 
2019-01-15 8:33:17pm - _doCall:  - Query Name: ModificationType - Library: ChromatogramLibrary
URL: http://cptac-proliant-linux.esacinc.com/labkey//query/CPTAC%20Assay%20Portal/CPTAC_TEST/test_folder/ChromatogramLibrary/selectRows.api?schemaName=targetedms&query.queryName=ModificationType&query.PeptideId%2FPeptideModifiedSequence%7Eeq=GLQSLPTHDPSPLQR
2019-01-15 8:33:17pm - _doCall Result - : SUCCESS
2019-01-15 8:33:17pm - inside _doCall cookie: /Users/toanle/Documents/workspace/code_trunk//swpg_files/cptac/panorama/cookie20190115203259_5c3e437b81d3e.txt
2019-01-15 8:33:17pm - inside _doCall httpMethod: GET
2019-01-15 8:33:17pm - inside _doCall path: /selectRows.api
2019-01-15 8:33:17pm - inside _doCall parameters: Array
2019-01-15 8:33:17pm - inside _doCall lab: CPTAC_TEST
2019-01-15 8:33:17pm - inside _doCall celllysate_path: test_folder
2019-01-15 8:33:17pm - inside _doCall library: ResponseCurve
2019-01-15 8:33:17pm - inside _doCall peptide: 
2019-01-15 8:33:17pm - inside _doCall plot_type: 
2019-01-15 8:33:17pm - inside _doCall protein: 
2019-01-15 8:33:17pm - inside _doCall csv: 
2019-01-15 8:33:17pm - inside _doCall peptideType: 
2019-01-15 8:33:17pm - _doCall:  - Query Name: PeptideStructuralModification - Library: ResponseCurve
URL: http://cptac-proliant-linux.esacinc.com/labkey//query/CPTAC%20Assay%20Portal/CPTAC_TEST/test_folder/ResponseCurve/selectRows.api?schemaName=targetedms&query.queryName=PeptideStructuralModification&query.columns=IndexAA
2019-01-15 8:33:17pm - _doCall Result - : SUCCESS
2019-01-15 8:33:20pm - inside _doCall cookie: /Users/toanle/Documents/workspace/code_trunk//swpg_files/cptac/panorama/cookie20190115203259_5c3e437b81d3e.txt
2019-01-15 8:33:20pm - inside _doCall httpMethod: GET
2019-01-15 8:33:20pm - inside _doCall path: /selectRows.api
2019-01-15 8:33:20pm - inside _doCall parameters: Array
2019-01-15 8:33:20pm - inside _doCall lab: CPTAC_TEST
2019-01-15 8:33:20pm - inside _doCall celllysate_path: test_folder
2019-01-15 8:33:20pm - inside _doCall library: ChromatogramLibrary
2019-01-15 8:33:20pm - inside _doCall peptide: 
2019-01-15 8:33:20pm - inside _doCall plot_type: 
2019-01-15 8:33:20pm - inside _doCall protein: 
2019-01-15 8:33:20pm - inside _doCall csv: 
2019-01-15 8:33:20pm - inside _doCall peptideType: 
2019-01-15 8:33:20pm - _doCall:  - Query Name: ModificationType - Library: ChromatogramLibrary
URL: http://cptac-proliant-linux.esacinc.com/labkey//query/CPTAC%20Assay%20Portal/CPTAC_TEST/test_folder/ChromatogramLibrary/selectRows.api?schemaName=targetedms&query.queryName=ModificationType&query.PeptideId%2FPeptideModifiedSequence%7Eeq=GVTIPSQR
2019-01-15 8:33:20pm - _doCall Result - : SUCCESS
2019-01-15 8:33:20pm - inside _doCall cookie: /Users/toanle/Documents/workspace/code_trunk//swpg_files/cptac/panorama/cookie20190115203259_5c3e437b81d3e.txt
2019-01-15 8:33:20pm - inside _doCall httpMethod: GET
2019-01-15 8:33:20pm - inside _doCall path: /selectRows.api
2019-01-15 8:33:20pm - inside _doCall parameters: Array
2019-01-15 8:33:20pm - inside _doCall lab: CPTAC_TEST
2019-01-15 8:33:20pm - inside _doCall celllysate_path: test_folder
2019-01-15 8:33:20pm - inside _doCall library: ResponseCurve
2019-01-15 8:33:20pm - inside _doCall peptide: 
2019-01-15 8:33:20pm - inside _doCall plot_type: 
2019-01-15 8:33:20pm - inside _doCall protein: 
2019-01-15 8:33:20pm - inside _doCall csv: 
2019-01-15 8:33:20pm - inside _doCall peptideType: 
2019-01-15 8:33:20pm - _doCall:  - Query Name: PeptideStructuralModification - Library: ResponseCurve
URL: http://cptac-proliant-linux.esacinc.com/labkey//query/CPTAC%20Assay%20Portal/CPTAC_TEST/test_folder/ResponseCurve/selectRows.api?schemaName=targetedms&query.queryName=PeptideStructuralModification&query.columns=IndexAA
2019-01-15 8:33:20pm - _doCall Result - : SUCCESS
2019-01-15 8:33:22pm - inside _doCall cookie: /Users/toanle/Documents/workspace/code_trunk//swpg_files/cptac/panorama/cookie20190115203259_5c3e437b81d3e.txt
2019-01-15 8:33:22pm - inside _doCall httpMethod: GET
2019-01-15 8:33:22pm - inside _doCall path: /selectRows.api
2019-01-15 8:33:22pm - inside _doCall parameters: Array
2019-01-15 8:33:22pm - inside _doCall lab: CPTAC_TEST
2019-01-15 8:33:22pm - inside _doCall celllysate_path: test_folder
2019-01-15 8:33:22pm - inside _doCall library: ChromatogramLibrary
2019-01-15 8:33:22pm - inside _doCall peptide: 
2019-01-15 8:33:22pm - inside _doCall plot_type: 
2019-01-15 8:33:22pm - inside _doCall protein: 
2019-01-15 8:33:22pm - inside _doCall csv: 
2019-01-15 8:33:22pm - inside _doCall peptideType: 
2019-01-15 8:33:22pm - _doCall:  - Query Name: ModificationType - Library: ChromatogramLibrary
URL: http://cptac-proliant-linux.esacinc.com/labkey//query/CPTAC%20Assay%20Portal/CPTAC_TEST/test_folder/ChromatogramLibrary/selectRows.api?schemaName=targetedms&query.queryName=ModificationType&query.PeptideId%2FPeptideModifiedSequence%7Eeq=LTFQLEPNPHTK
2019-01-15 8:33:22pm - _doCall Result - : SUCCESS
2019-01-15 8:33:22pm - inside _doCall cookie: /Users/toanle/Documents/workspace/code_trunk//swpg_files/cptac/panorama/cookie20190115203259_5c3e437b81d3e.txt
2019-01-15 8:33:22pm - inside _doCall httpMethod: GET
2019-01-15 8:33:22pm - inside _doCall path: /selectRows.api
2019-01-15 8:33:22pm - inside _doCall parameters: Array
2019-01-15 8:33:22pm - inside _doCall lab: CPTAC_TEST
2019-01-15 8:33:22pm - inside _doCall celllysate_path: test_folder
2019-01-15 8:33:22pm - inside _doCall library: ResponseCurve
2019-01-15 8:33:22pm - inside _doCall peptide: 
2019-01-15 8:33:22pm - inside _doCall plot_type: 
2019-01-15 8:33:22pm - inside _doCall protein: 
2019-01-15 8:33:22pm - inside _doCall csv: 
2019-01-15 8:33:22pm - inside _doCall peptideType: 
2019-01-15 8:33:22pm - _doCall:  - Query Name: PeptideStructuralModification - Library: ResponseCurve
URL: http://cptac-proliant-linux.esacinc.com/labkey//query/CPTAC%20Assay%20Portal/CPTAC_TEST/test_folder/ResponseCurve/selectRows.api?schemaName=targetedms&query.queryName=PeptideStructuralModification&query.columns=IndexAA
2019-01-15 8:33:22pm - _doCall Result - : SUCCESS
2019-01-15 8:33:25pm - inside _doCall cookie: /Users/toanle/Documents/workspace/code_trunk//swpg_files/cptac/panorama/cookie20190115203259_5c3e437b81d3e.txt
2019-01-15 8:33:25pm - inside _doCall httpMethod: GET
2019-01-15 8:33:25pm - inside _doCall path: /getQuery.view
2019-01-15 8:33:25pm - inside _doCall parameters: Array
2019-01-15 8:33:25pm - inside _doCall lab: CPTAC_TEST
2019-01-15 8:33:25pm - inside _doCall celllysate_path: test_folder
2019-01-15 8:33:25pm - inside _doCall library: ResponseCurve
2019-01-15 8:33:25pm - inside _doCall peptide: LDQPGNLPGSNR
2019-01-15 8:33:25pm - inside _doCall plot_type: 
2019-01-15 8:33:25pm - inside _doCall protein: 
2019-01-15 8:33:25pm - inside _doCall csv: 
2019-01-15 8:33:25pm - inside _doCall peptideType: 
2019-01-15 8:33:25pm - _doCall: LDQPGNLPGSNR - Query Name: PeptideIsotopeLabelModifications - Library: ResponseCurve
URL: http://cptac-proliant-linux.esacinc.com/labkey//query/CPTAC%20Assay%20Portal/CPTAC_TEST/test_folder/ResponseCurve/getQuery.view?schemaName=targetedms&query.queryName=PeptideIsotopeLabelModifications&query.PeptideModifiedSequence%7Eeq=LDQPGNLPGSNR
2019-01-15 8:33:25pm - _doCall Result - LDQPGNLPGSNR: SUCCESS
2019-01-15 8:33:27pm - inside _doCall cookie: /Users/toanle/Documents/workspace/code_trunk//swpg_files/cptac/panorama/cookie20190115203259_5c3e437b81d3e.txt
2019-01-15 8:33:27pm - inside _doCall httpMethod: GET
2019-01-15 8:33:27pm - inside _doCall path: /getQuery.view
2019-01-15 8:33:27pm - inside _doCall parameters: Array
2019-01-15 8:33:27pm - inside _doCall lab: CPTAC_TEST
2019-01-15 8:33:27pm - inside _doCall celllysate_path: test_folder
2019-01-15 8:33:27pm - inside _doCall library: ResponseCurve
2019-01-15 8:33:27pm - inside _doCall peptide: AQYEEIANR
2019-01-15 8:33:27pm - inside _doCall plot_type: 
2019-01-15 8:33:27pm - inside _doCall protein: 
2019-01-15 8:33:27pm - inside _doCall csv: 
2019-01-15 8:33:27pm - inside _doCall peptideType: 
2019-01-15 8:33:27pm - _doCall: AQYEEIANR - Query Name: PeptideIsotopeLabelModifications - Library: ResponseCurve
URL: http://cptac-proliant-linux.esacinc.com/labkey//query/CPTAC%20Assay%20Portal/CPTAC_TEST/test_folder/ResponseCurve/getQuery.view?schemaName=targetedms&query.queryName=PeptideIsotopeLabelModifications&query.PeptideModifiedSequence%7Eeq=AQYEEIANR
2019-01-15 8:33:27pm - _doCall Result - AQYEEIANR: SUCCESS
2019-01-15 8:33:31pm - inside _doCall cookie: /Users/toanle/Documents/workspace/code_trunk//swpg_files/cptac/panorama/cookie20190115203259_5c3e437b81d3e.txt
2019-01-15 8:33:31pm - inside _doCall httpMethod: GET
2019-01-15 8:33:31pm - inside _doCall path: /getQuery.view
2019-01-15 8:33:31pm - inside _doCall parameters: Array
2019-01-15 8:33:31pm - inside _doCall lab: CPTAC_TEST
2019-01-15 8:33:31pm - inside _doCall celllysate_path: test_folder
2019-01-15 8:33:31pm - inside _doCall library: ResponseCurve
2019-01-15 8:33:31pm - inside _doCall peptide: AGLTLQQQHQR
2019-01-15 8:33:31pm - inside _doCall plot_type: 
2019-01-15 8:33:31pm - inside _doCall protein: 
2019-01-15 8:33:31pm - inside _doCall csv: 
2019-01-15 8:33:31pm - inside _doCall peptideType: 
2019-01-15 8:33:31pm - _doCall: AGLTLQQQHQR - Query Name: PeptideIsotopeLabelModifications - Library: ResponseCurve
URL: http://cptac-proliant-linux.esacinc.com/labkey//query/CPTAC%20Assay%20Portal/CPTAC_TEST/test_folder/ResponseCurve/getQuery.view?schemaName=targetedms&query.queryName=PeptideIsotopeLabelModifications&query.PeptideModifiedSequence%7Eeq=AGLTLQQQHQR
2019-01-15 8:33:31pm - _doCall Result - AGLTLQQQHQR: SUCCESS
2019-01-15 8:33:34pm - inside _doCall cookie: /Users/toanle/Documents/workspace/code_trunk//swpg_files/cptac/panorama/cookie20190115203259_5c3e437b81d3e.txt
2019-01-15 8:33:34pm - inside _doCall httpMethod: GET
2019-01-15 8:33:34pm - inside _doCall path: /getQuery.view
2019-01-15 8:33:34pm - inside _doCall parameters: Array
2019-01-15 8:33:34pm - inside _doCall lab: CPTAC_TEST
2019-01-15 8:33:34pm - inside _doCall celllysate_path: test_folder
2019-01-15 8:33:34pm - inside _doCall library: ResponseCurve
2019-01-15 8:33:34pm - inside _doCall peptide: GLQSLPTHDPSPLQR
2019-01-15 8:33:34pm - inside _doCall plot_type: 
2019-01-15 8:33:34pm - inside _doCall protein: 
2019-01-15 8:33:34pm - inside _doCall csv: 
2019-01-15 8:33:34pm - inside _doCall peptideType: 
2019-01-15 8:33:34pm - _doCall: GLQSLPTHDPSPLQR - Query Name: PeptideIsotopeLabelModifications - Library: ResponseCurve
URL: http://cptac-proliant-linux.esacinc.com/labkey//query/CPTAC%20Assay%20Portal/CPTAC_TEST/test_folder/ResponseCurve/getQuery.view?schemaName=targetedms&query.queryName=PeptideIsotopeLabelModifications&query.PeptideModifiedSequence%7Eeq=GLQSLPTHDPSPLQR
2019-01-15 8:33:34pm - _doCall Result - GLQSLPTHDPSPLQR: SUCCESS
2019-01-15 8:33:37pm - inside _doCall cookie: /Users/toanle/Documents/workspace/code_trunk//swpg_files/cptac/panorama/cookie20190115203259_5c3e437b81d3e.txt
2019-01-15 8:33:37pm - inside _doCall httpMethod: GET
2019-01-15 8:33:37pm - inside _doCall path: /getQuery.view
2019-01-15 8:33:37pm - inside _doCall parameters: Array
2019-01-15 8:33:37pm - inside _doCall lab: CPTAC_TEST
2019-01-15 8:33:37pm - inside _doCall celllysate_path: test_folder
2019-01-15 8:33:37pm - inside _doCall library: ResponseCurve
2019-01-15 8:33:37pm - inside _doCall peptide: GVTIPSQR
2019-01-15 8:33:37pm - inside _doCall plot_type: 
2019-01-15 8:33:37pm - inside _doCall protein: 
2019-01-15 8:33:37pm - inside _doCall csv: 
2019-01-15 8:33:37pm - inside _doCall peptideType: 
2019-01-15 8:33:37pm - _doCall: GVTIPSQR - Query Name: PeptideIsotopeLabelModifications - Library: ResponseCurve
URL: http://cptac-proliant-linux.esacinc.com/labkey//query/CPTAC%20Assay%20Portal/CPTAC_TEST/test_folder/ResponseCurve/getQuery.view?schemaName=targetedms&query.queryName=PeptideIsotopeLabelModifications&query.PeptideModifiedSequence%7Eeq=GVTIPSQR
2019-01-15 8:33:37pm - _doCall Result - GVTIPSQR: SUCCESS
2019-01-15 8:33:40pm - inside _doCall cookie: /Users/toanle/Documents/workspace/code_trunk//swpg_files/cptac/panorama/cookie20190115203259_5c3e437b81d3e.txt
2019-01-15 8:33:40pm - inside _doCall httpMethod: GET
2019-01-15 8:33:40pm - inside _doCall path: /getQuery.view
2019-01-15 8:33:40pm - inside _doCall parameters: Array
2019-01-15 8:33:40pm - inside _doCall lab: CPTAC_TEST
2019-01-15 8:33:40pm - inside _doCall celllysate_path: test_folder
2019-01-15 8:33:40pm - inside _doCall library: ResponseCurve
2019-01-15 8:33:40pm - inside _doCall peptide: LTFQLEPNPHTK
2019-01-15 8:33:40pm - inside _doCall plot_type: 
2019-01-15 8:33:40pm - inside _doCall protein: 
2019-01-15 8:33:40pm - inside _doCall csv: 
2019-01-15 8:33:40pm - inside _doCall peptideType: 
2019-01-15 8:33:40pm - _doCall: LTFQLEPNPHTK - Query Name: PeptideIsotopeLabelModifications - Library: ResponseCurve
URL: http://cptac-proliant-linux.esacinc.com/labkey//query/CPTAC%20Assay%20Portal/CPTAC_TEST/test_folder/ResponseCurve/getQuery.view?schemaName=targetedms&query.queryName=PeptideIsotopeLabelModifications&query.PeptideModifiedSequence%7Eeq=LTFQLEPNPHTK
2019-01-15 8:33:41pm - _doCall Result - LTFQLEPNPHTK: SUCCESS
