2019-01-16 4:37:06am - inside _doCall cookie: /Users/toanle/Documents/workspace/code_trunk//swpg_files/cptac/panorama/cookie20190116043705_5c3eb4f1acf25.txt
2019-01-16 4:37:06am - inside _doCall httpMethod: GET
2019-01-16 4:37:06am - inside _doCall path: /selectRows.api
2019-01-16 4:37:06am - inside _doCall parameters: Array
2019-01-16 4:37:06am - inside _doCall lab: CPTAC_TEST
2019-01-16 4:37:06am - inside _doCall celllysate_path: CPTAC_Import_Test
2019-01-16 4:37:06am - inside _doCall library: ResponseCurve
2019-01-16 4:37:06am - inside _doCall peptide: 
2019-01-16 4:37:06am - inside _doCall plot_type: 
2019-01-16 4:37:06am - inside _doCall protein: 
2019-01-16 4:37:06am - inside _doCall csv: 
2019-01-16 4:37:06am - inside _doCall peptideType: 
2019-01-16 4:37:06am - _doCall:  - Query Name: Peptide - Library: ResponseCurve
URL: http://cptac-proliant-linux.esacinc.com/labkey//query/CPTAC%20Assay%20Portal/CPTAC_TEST/CPTAC_Import_Test/ResponseCurve/selectRows.api?schemaName=targetedms&query.queryName=Peptide&query.columns=Sequence%2CPeptideModifiedSequence%2CRtCalculatorScore%2CStartIndex%2CEndIndex%2CCalcNeutralMass%2CPeptideGroupId%2FLabel%2CPeptideGroupId%2FRunId%2CPeptideGroupId%2FRunId%2FCreated%2CPeptideGroupId%2FRunId%2FFile%2FFileName%2CPeptideGroupId%2FDescription
2019-01-16 4:37:06am - _doCall Result - : SUCCESS
2019-01-16 4:37:08am - inside _doCall cookie: /Users/toanle/Documents/workspace/code_trunk//swpg_files/cptac/panorama/cookie20190116043705_5c3eb4f1acf25.txt
2019-01-16 4:37:08am - inside _doCall httpMethod: GET
2019-01-16 4:37:08am - inside _doCall path: /selectRows.api
2019-01-16 4:37:08am - inside _doCall parameters: Array
2019-01-16 4:37:08am - inside _doCall lab: CPTAC_TEST
2019-01-16 4:37:08am - inside _doCall celllysate_path: CPTAC_Import_Test
2019-01-16 4:37:08am - inside _doCall library: ChromatogramLibrary
2019-01-16 4:37:08am - inside _doCall peptide: 
2019-01-16 4:37:08am - inside _doCall plot_type: 
2019-01-16 4:37:08am - inside _doCall protein: 
2019-01-16 4:37:08am - inside _doCall csv: 
2019-01-16 4:37:08am - inside _doCall peptideType: 
2019-01-16 4:37:08am - _doCall:  - Query Name: ModificationType - Library: ChromatogramLibrary
URL: http://cptac-proliant-linux.esacinc.com/labkey//query/CPTAC%20Assay%20Portal/CPTAC_TEST/CPTAC_Import_Test/ChromatogramLibrary/selectRows.api?schemaName=targetedms&query.queryName=ModificationType&query.PeptideId%2FPeptideModifiedSequence%7Eeq=AVFDETYPDPVR
2019-01-16 4:37:08am - _doCall Result - : SUCCESS
2019-01-16 4:37:08am - inside _doCall cookie: /Users/toanle/Documents/workspace/code_trunk//swpg_files/cptac/panorama/cookie20190116043705_5c3eb4f1acf25.txt
2019-01-16 4:37:08am - inside _doCall httpMethod: GET
2019-01-16 4:37:08am - inside _doCall path: /selectRows.api
2019-01-16 4:37:08am - inside _doCall parameters: Array
2019-01-16 4:37:08am - inside _doCall lab: CPTAC_TEST
2019-01-16 4:37:08am - inside _doCall celllysate_path: CPTAC_Import_Test
2019-01-16 4:37:08am - inside _doCall library: ResponseCurve
2019-01-16 4:37:08am - inside _doCall peptide: 
2019-01-16 4:37:08am - inside _doCall plot_type: 
2019-01-16 4:37:08am - inside _doCall protein: 
2019-01-16 4:37:08am - inside _doCall csv: 
2019-01-16 4:37:08am - inside _doCall peptideType: 
2019-01-16 4:37:08am - _doCall:  - Query Name: PeptideStructuralModification - Library: ResponseCurve
URL: http://cptac-proliant-linux.esacinc.com/labkey//query/CPTAC%20Assay%20Portal/CPTAC_TEST/CPTAC_Import_Test/ResponseCurve/selectRows.api?schemaName=targetedms&query.queryName=PeptideStructuralModification&query.columns=IndexAA
2019-01-16 4:37:08am - _doCall Result - : SUCCESS
2019-01-16 4:37:10am - inside _doCall cookie: /Users/toanle/Documents/workspace/code_trunk//swpg_files/cptac/panorama/cookie20190116043705_5c3eb4f1acf25.txt
2019-01-16 4:37:10am - inside _doCall httpMethod: GET
2019-01-16 4:37:10am - inside _doCall path: /getQuery.view
2019-01-16 4:37:10am - inside _doCall parameters: Array
2019-01-16 4:37:10am - inside _doCall lab: CPTAC_TEST
2019-01-16 4:37:10am - inside _doCall celllysate_path: CPTAC_Import_Test
2019-01-16 4:37:10am - inside _doCall library: ResponseCurve
2019-01-16 4:37:10am - inside _doCall peptide: AVFDETYPDPVR
2019-01-16 4:37:10am - inside _doCall plot_type: 
2019-01-16 4:37:10am - inside _doCall protein: 
2019-01-16 4:37:10am - inside _doCall csv: 
2019-01-16 4:37:10am - inside _doCall peptideType: 
2019-01-16 4:37:10am - _doCall: AVFDETYPDPVR - Query Name: PeptideIsotopeLabelModifications - Library: ResponseCurve
URL: http://cptac-proliant-linux.esacinc.com/labkey//query/CPTAC%20Assay%20Portal/CPTAC_TEST/CPTAC_Import_Test/ResponseCurve/getQuery.view?schemaName=targetedms&query.queryName=PeptideIsotopeLabelModifications&query.PeptideModifiedSequence%7Eeq=AVFDETYPDPVR
2019-01-16 4:37:10am - _doCall Result - AVFDETYPDPVR: SUCCESS
