2019-06-13 2:50:18pm - inside _doCall cookie: /Users/toanle/Documents/workspace/code_trunk//swpg_files/cptac/panorama/cookie20190613144958_5d0262963580e.txt
2019-06-13 2:50:18pm - inside _doCall httpMethod: GET
2019-06-13 2:50:18pm - inside _doCall path: /selectRows.api
2019-06-13 2:50:18pm - inside _doCall parameters: Array
2019-06-13 2:50:18pm - inside _doCall lab: CPTAC_TEST
2019-06-13 2:50:18pm - inside _doCall celllysate_path: Experiment_ALL_TEST_Version2
2019-06-13 2:50:18pm - inside _doCall library: ResponseCurve
2019-06-13 2:50:18pm - inside _doCall peptide: 
2019-06-13 2:50:18pm - inside _doCall plot_type: 
2019-06-13 2:50:18pm - inside _doCall protein: 
2019-06-13 2:50:18pm - inside _doCall csv: 
2019-06-13 2:50:18pm - inside _doCall peptideType: 
2019-06-13 2:50:18pm - _doCall:  - Query Name: Peptide - Library: ResponseCurve
URL: http://cptac-proliant-linux.esacinc.com/labkey//query/CPTAC%20Assay%20Portal/CPTAC_TEST/Experiment_ALL_TEST_Version2/ResponseCurve/selectRows.api?schemaName=targetedms&query.queryName=Peptide&query.columns=Sequence%2CPeptideModifiedSequence%2CRtCalculatorScore%2CStartIndex%2CEndIndex%2CCalcNeutralMass%2CPeptideGroupId%2FLabel%2CPeptideGroupId%2FRunId%2CPeptideGroupId%2FRunId%2FCreated%2CPeptideGroupId%2FRunId%2FFile%2FFileName%2CPeptideGroupId%2FDescription
2019-06-13 2:50:18pm - _doCall Result - : SUCCESS
2019-06-13 2:52:39pm - inside _doCall cookie: /Users/toanle/Documents/workspace/code_trunk//swpg_files/cptac/panorama/cookie20190613144958_5d0262963580e.txt
2019-06-13 2:52:39pm - inside _doCall httpMethod: GET
2019-06-13 2:52:39pm - inside _doCall path: /getQuery.view
2019-06-13 2:52:39pm - inside _doCall parameters: Array
2019-06-13 2:52:39pm - inside _doCall lab: CPTAC_TEST
2019-06-13 2:52:39pm - inside _doCall celllysate_path: Experiment_ALL_TEST_Version2
2019-06-13 2:52:39pm - inside _doCall library: ResponseCurve
2019-06-13 2:52:39pm - inside _doCall peptide: LDQPGNLPGSNR
2019-06-13 2:52:39pm - inside _doCall plot_type: 
2019-06-13 2:52:39pm - inside _doCall protein: 
2019-06-13 2:52:39pm - inside _doCall csv: 
2019-06-13 2:52:39pm - inside _doCall peptideType: 
2019-06-13 2:52:39pm - _doCall: LDQPGNLPGSNR - Query Name: PeptideIsotopeLabelModifications - Library: ResponseCurve
URL: http://cptac-proliant-linux.esacinc.com/labkey//query/CPTAC%20Assay%20Portal/CPTAC_TEST/Experiment_ALL_TEST_Version2/ResponseCurve/getQuery.view?schemaName=targetedms&query.queryName=PeptideIsotopeLabelModifications&query.PeptideModifiedSequence%7Eeq=LDQPGNLPGSNR
2019-06-13 2:53:10pm - _doCall Result - LDQPGNLPGSNR: SUCCESS
2019-06-13 2:53:30pm - inside _doCall cookie: /Users/toanle/Documents/workspace/code_trunk//swpg_files/cptac/panorama/cookie20190613144958_5d0262963580e.txt
2019-06-13 2:53:30pm - inside _doCall httpMethod: GET
2019-06-13 2:53:30pm - inside _doCall path: /getQuery.view
2019-06-13 2:53:30pm - inside _doCall parameters: Array
2019-06-13 2:53:30pm - inside _doCall lab: CPTAC_TEST
2019-06-13 2:53:30pm - inside _doCall celllysate_path: Experiment_ALL_TEST_Version2
2019-06-13 2:53:30pm - inside _doCall library: ResponseCurve
2019-06-13 2:53:30pm - inside _doCall peptide: AQYEEIANR
2019-06-13 2:53:30pm - inside _doCall plot_type: 
2019-06-13 2:53:30pm - inside _doCall protein: 
2019-06-13 2:53:30pm - inside _doCall csv: 
2019-06-13 2:53:30pm - inside _doCall peptideType: 
2019-06-13 2:53:30pm - _doCall: AQYEEIANR - Query Name: PeptideIsotopeLabelModifications - Library: ResponseCurve
URL: http://cptac-proliant-linux.esacinc.com/labkey//query/CPTAC%20Assay%20Portal/CPTAC_TEST/Experiment_ALL_TEST_Version2/ResponseCurve/getQuery.view?schemaName=targetedms&query.queryName=PeptideIsotopeLabelModifications&query.PeptideModifiedSequence%7Eeq=AQYEEIANR
2019-06-13 2:53:30pm - _doCall Result - AQYEEIANR: SUCCESS
2019-06-13 2:53:50pm - inside _doCall cookie: /Users/toanle/Documents/workspace/code_trunk//swpg_files/cptac/panorama/cookie20190613144958_5d0262963580e.txt
2019-06-13 2:53:50pm - inside _doCall httpMethod: GET
2019-06-13 2:53:50pm - inside _doCall path: /getQuery.view
2019-06-13 2:53:50pm - inside _doCall parameters: Array
2019-06-13 2:53:50pm - inside _doCall lab: CPTAC_TEST
2019-06-13 2:53:50pm - inside _doCall celllysate_path: Experiment_ALL_TEST_Version2
2019-06-13 2:53:50pm - inside _doCall library: ResponseCurve
2019-06-13 2:53:50pm - inside _doCall peptide: AGLTLQQQHQR
2019-06-13 2:53:50pm - inside _doCall plot_type: 
2019-06-13 2:53:50pm - inside _doCall protein: 
2019-06-13 2:53:50pm - inside _doCall csv: 
2019-06-13 2:53:50pm - inside _doCall peptideType: 
2019-06-13 2:53:50pm - _doCall: AGLTLQQQHQR - Query Name: PeptideIsotopeLabelModifications - Library: ResponseCurve
URL: http://cptac-proliant-linux.esacinc.com/labkey//query/CPTAC%20Assay%20Portal/CPTAC_TEST/Experiment_ALL_TEST_Version2/ResponseCurve/getQuery.view?schemaName=targetedms&query.queryName=PeptideIsotopeLabelModifications&query.PeptideModifiedSequence%7Eeq=AGLTLQQQHQR
2019-06-13 2:53:51pm - _doCall Result - AGLTLQQQHQR: SUCCESS
2019-06-13 2:54:11pm - inside _doCall cookie: /Users/toanle/Documents/workspace/code_trunk//swpg_files/cptac/panorama/cookie20190613144958_5d0262963580e.txt
2019-06-13 2:54:11pm - inside _doCall httpMethod: GET
2019-06-13 2:54:11pm - inside _doCall path: /getQuery.view
2019-06-13 2:54:11pm - inside _doCall parameters: Array
2019-06-13 2:54:11pm - inside _doCall lab: CPTAC_TEST
2019-06-13 2:54:11pm - inside _doCall celllysate_path: Experiment_ALL_TEST_Version2
2019-06-13 2:54:11pm - inside _doCall library: ResponseCurve
2019-06-13 2:54:11pm - inside _doCall peptide: GLQSLPTHDPSPLQR
2019-06-13 2:54:11pm - inside _doCall plot_type: 
2019-06-13 2:54:11pm - inside _doCall protein: 
2019-06-13 2:54:11pm - inside _doCall csv: 
2019-06-13 2:54:11pm - inside _doCall peptideType: 
2019-06-13 2:54:11pm - _doCall: GLQSLPTHDPSPLQR - Query Name: PeptideIsotopeLabelModifications - Library: ResponseCurve
URL: http://cptac-proliant-linux.esacinc.com/labkey//query/CPTAC%20Assay%20Portal/CPTAC_TEST/Experiment_ALL_TEST_Version2/ResponseCurve/getQuery.view?schemaName=targetedms&query.queryName=PeptideIsotopeLabelModifications&query.PeptideModifiedSequence%7Eeq=GLQSLPTHDPSPLQR
2019-06-13 2:54:11pm - _doCall Result - GLQSLPTHDPSPLQR: SUCCESS
2019-06-13 2:54:31pm - inside _doCall cookie: /Users/toanle/Documents/workspace/code_trunk//swpg_files/cptac/panorama/cookie20190613144958_5d0262963580e.txt
2019-06-13 2:54:31pm - inside _doCall httpMethod: GET
2019-06-13 2:54:31pm - inside _doCall path: /getQuery.view
2019-06-13 2:54:31pm - inside _doCall parameters: Array
2019-06-13 2:54:31pm - inside _doCall lab: CPTAC_TEST
2019-06-13 2:54:31pm - inside _doCall celllysate_path: Experiment_ALL_TEST_Version2
2019-06-13 2:54:31pm - inside _doCall library: ResponseCurve
2019-06-13 2:54:31pm - inside _doCall peptide: GVTIPSQR
2019-06-13 2:54:31pm - inside _doCall plot_type: 
2019-06-13 2:54:31pm - inside _doCall protein: 
2019-06-13 2:54:31pm - inside _doCall csv: 
2019-06-13 2:54:31pm - inside _doCall peptideType: 
2019-06-13 2:54:31pm - _doCall: GVTIPSQR - Query Name: PeptideIsotopeLabelModifications - Library: ResponseCurve
URL: http://cptac-proliant-linux.esacinc.com/labkey//query/CPTAC%20Assay%20Portal/CPTAC_TEST/Experiment_ALL_TEST_Version2/ResponseCurve/getQuery.view?schemaName=targetedms&query.queryName=PeptideIsotopeLabelModifications&query.PeptideModifiedSequence%7Eeq=GVTIPSQR
2019-06-13 2:54:31pm - _doCall Result - GVTIPSQR: SUCCESS
2019-06-13 2:54:51pm - inside _doCall cookie: /Users/toanle/Documents/workspace/code_trunk//swpg_files/cptac/panorama/cookie20190613144958_5d0262963580e.txt
2019-06-13 2:54:51pm - inside _doCall httpMethod: GET
2019-06-13 2:54:51pm - inside _doCall path: /getQuery.view
2019-06-13 2:54:51pm - inside _doCall parameters: Array
2019-06-13 2:54:51pm - inside _doCall lab: CPTAC_TEST
2019-06-13 2:54:51pm - inside _doCall celllysate_path: Experiment_ALL_TEST_Version2
2019-06-13 2:54:51pm - inside _doCall library: ResponseCurve
2019-06-13 2:54:51pm - inside _doCall peptide: LTFQLEPNPHTK
2019-06-13 2:54:51pm - inside _doCall plot_type: 
2019-06-13 2:54:51pm - inside _doCall protein: 
2019-06-13 2:54:51pm - inside _doCall csv: 
2019-06-13 2:54:51pm - inside _doCall peptideType: 
2019-06-13 2:54:51pm - _doCall: LTFQLEPNPHTK - Query Name: PeptideIsotopeLabelModifications - Library: ResponseCurve
URL: http://cptac-proliant-linux.esacinc.com/labkey//query/CPTAC%20Assay%20Portal/CPTAC_TEST/Experiment_ALL_TEST_Version2/ResponseCurve/getQuery.view?schemaName=targetedms&query.queryName=PeptideIsotopeLabelModifications&query.PeptideModifiedSequence%7Eeq=LTFQLEPNPHTK
2019-06-13 2:54:51pm - _doCall Result - LTFQLEPNPHTK: SUCCESS
2019-06-13 3:16:28pm - inside _doCall cookie: /Users/toanle/Documents/workspace/code_trunk//swpg_files/cptac/panorama/cookie20190613151607_5d0268b7f0e71.txt
2019-06-13 3:16:28pm - inside _doCall httpMethod: GET
2019-06-13 3:16:28pm - inside _doCall path: /selectRows.api
2019-06-13 3:16:28pm - inside _doCall parameters: Array
2019-06-13 3:16:28pm - inside _doCall lab: CPTAC_TEST
2019-06-13 3:16:28pm - inside _doCall celllysate_path: Experiment_ALL_TEST_Version2
2019-06-13 3:16:28pm - inside _doCall library: ResponseCurve
2019-06-13 3:16:28pm - inside _doCall peptide: 
2019-06-13 3:16:28pm - inside _doCall plot_type: 
2019-06-13 3:16:28pm - inside _doCall protein: 
2019-06-13 3:16:28pm - inside _doCall csv: 
2019-06-13 3:16:28pm - inside _doCall peptideType: 
2019-06-13 3:16:28pm - _doCall:  - Query Name: Peptide - Library: ResponseCurve
URL: http://cptac-proliant-linux.esacinc.com/labkey//query/CPTAC%20Assay%20Portal/CPTAC_TEST/Experiment_ALL_TEST_Version2/ResponseCurve/selectRows.api?schemaName=targetedms&query.queryName=Peptide&query.columns=Sequence%2CPeptideModifiedSequence%2CRtCalculatorScore%2CStartIndex%2CEndIndex%2CCalcNeutralMass%2CPeptideGroupId%2FLabel%2CPeptideGroupId%2FRunId%2CPeptideGroupId%2FRunId%2FCreated%2CPeptideGroupId%2FRunId%2FFile%2FFileName%2CPeptideGroupId%2FDescription
2019-06-13 3:16:28pm - _doCall Result - : SUCCESS
2019-06-13 3:18:48pm - inside _doCall cookie: /Users/toanle/Documents/workspace/code_trunk//swpg_files/cptac/panorama/cookie20190613151607_5d0268b7f0e71.txt
2019-06-13 3:18:48pm - inside _doCall httpMethod: GET
2019-06-13 3:18:48pm - inside _doCall path: /getQuery.view
2019-06-13 3:18:48pm - inside _doCall parameters: Array
2019-06-13 3:18:48pm - inside _doCall lab: CPTAC_TEST
2019-06-13 3:18:48pm - inside _doCall celllysate_path: Experiment_ALL_TEST_Version2
2019-06-13 3:18:48pm - inside _doCall library: ResponseCurve
2019-06-13 3:18:48pm - inside _doCall peptide: LDQPGNLPGSNR
2019-06-13 3:18:48pm - inside _doCall plot_type: 
2019-06-13 3:18:48pm - inside _doCall protein: 
2019-06-13 3:18:48pm - inside _doCall csv: 
2019-06-13 3:18:48pm - inside _doCall peptideType: 
2019-06-13 3:18:48pm - _doCall: LDQPGNLPGSNR - Query Name: PeptideIsotopeLabelModifications - Library: ResponseCurve
URL: http://cptac-proliant-linux.esacinc.com/labkey//query/CPTAC%20Assay%20Portal/CPTAC_TEST/Experiment_ALL_TEST_Version2/ResponseCurve/getQuery.view?schemaName=targetedms&query.queryName=PeptideIsotopeLabelModifications&query.PeptideModifiedSequence%7Eeq=LDQPGNLPGSNR
2019-06-13 3:19:09pm - _doCall Result - LDQPGNLPGSNR: SUCCESS
2019-06-13 3:19:29pm - inside _doCall cookie: /Users/toanle/Documents/workspace/code_trunk//swpg_files/cptac/panorama/cookie20190613151607_5d0268b7f0e71.txt
2019-06-13 3:19:29pm - inside _doCall httpMethod: GET
2019-06-13 3:19:29pm - inside _doCall path: /getQuery.view
2019-06-13 3:19:29pm - inside _doCall parameters: Array
2019-06-13 3:19:29pm - inside _doCall lab: CPTAC_TEST
2019-06-13 3:19:29pm - inside _doCall celllysate_path: Experiment_ALL_TEST_Version2
2019-06-13 3:19:29pm - inside _doCall library: ResponseCurve
2019-06-13 3:19:29pm - inside _doCall peptide: AQYEEIANR
2019-06-13 3:19:29pm - inside _doCall plot_type: 
2019-06-13 3:19:29pm - inside _doCall protein: 
2019-06-13 3:19:29pm - inside _doCall csv: 
2019-06-13 3:19:29pm - inside _doCall peptideType: 
2019-06-13 3:19:29pm - _doCall: AQYEEIANR - Query Name: PeptideIsotopeLabelModifications - Library: ResponseCurve
URL: http://cptac-proliant-linux.esacinc.com/labkey//query/CPTAC%20Assay%20Portal/CPTAC_TEST/Experiment_ALL_TEST_Version2/ResponseCurve/getQuery.view?schemaName=targetedms&query.queryName=PeptideIsotopeLabelModifications&query.PeptideModifiedSequence%7Eeq=AQYEEIANR
2019-06-13 3:19:29pm - _doCall Result - AQYEEIANR: SUCCESS
2019-06-13 3:19:49pm - inside _doCall cookie: /Users/toanle/Documents/workspace/code_trunk//swpg_files/cptac/panorama/cookie20190613151607_5d0268b7f0e71.txt
2019-06-13 3:19:49pm - inside _doCall httpMethod: GET
2019-06-13 3:19:49pm - inside _doCall path: /getQuery.view
2019-06-13 3:19:49pm - inside _doCall parameters: Array
2019-06-13 3:19:49pm - inside _doCall lab: CPTAC_TEST
2019-06-13 3:19:49pm - inside _doCall celllysate_path: Experiment_ALL_TEST_Version2
2019-06-13 3:19:49pm - inside _doCall library: ResponseCurve
2019-06-13 3:19:49pm - inside _doCall peptide: AGLTLQQQHQR
2019-06-13 3:19:49pm - inside _doCall plot_type: 
2019-06-13 3:19:49pm - inside _doCall protein: 
2019-06-13 3:19:49pm - inside _doCall csv: 
2019-06-13 3:19:49pm - inside _doCall peptideType: 
2019-06-13 3:19:49pm - _doCall: AGLTLQQQHQR - Query Name: PeptideIsotopeLabelModifications - Library: ResponseCurve
URL: http://cptac-proliant-linux.esacinc.com/labkey//query/CPTAC%20Assay%20Portal/CPTAC_TEST/Experiment_ALL_TEST_Version2/ResponseCurve/getQuery.view?schemaName=targetedms&query.queryName=PeptideIsotopeLabelModifications&query.PeptideModifiedSequence%7Eeq=AGLTLQQQHQR
2019-06-13 3:19:49pm - _doCall Result - AGLTLQQQHQR: SUCCESS
2019-06-13 3:20:09pm - inside _doCall cookie: /Users/toanle/Documents/workspace/code_trunk//swpg_files/cptac/panorama/cookie20190613151607_5d0268b7f0e71.txt
2019-06-13 3:20:09pm - inside _doCall httpMethod: GET
2019-06-13 3:20:09pm - inside _doCall path: /getQuery.view
2019-06-13 3:20:09pm - inside _doCall parameters: Array
2019-06-13 3:20:09pm - inside _doCall lab: CPTAC_TEST
2019-06-13 3:20:09pm - inside _doCall celllysate_path: Experiment_ALL_TEST_Version2
2019-06-13 3:20:09pm - inside _doCall library: ResponseCurve
2019-06-13 3:20:09pm - inside _doCall peptide: GLQSLPTHDPSPLQR
2019-06-13 3:20:09pm - inside _doCall plot_type: 
2019-06-13 3:20:09pm - inside _doCall protein: 
2019-06-13 3:20:09pm - inside _doCall csv: 
2019-06-13 3:20:09pm - inside _doCall peptideType: 
2019-06-13 3:20:09pm - _doCall: GLQSLPTHDPSPLQR - Query Name: PeptideIsotopeLabelModifications - Library: ResponseCurve
URL: http://cptac-proliant-linux.esacinc.com/labkey//query/CPTAC%20Assay%20Portal/CPTAC_TEST/Experiment_ALL_TEST_Version2/ResponseCurve/getQuery.view?schemaName=targetedms&query.queryName=PeptideIsotopeLabelModifications&query.PeptideModifiedSequence%7Eeq=GLQSLPTHDPSPLQR
2019-06-13 3:20:09pm - _doCall Result - GLQSLPTHDPSPLQR: SUCCESS
2019-06-13 3:20:29pm - inside _doCall cookie: /Users/toanle/Documents/workspace/code_trunk//swpg_files/cptac/panorama/cookie20190613151607_5d0268b7f0e71.txt
2019-06-13 3:20:29pm - inside _doCall httpMethod: GET
2019-06-13 3:20:29pm - inside _doCall path: /getQuery.view
2019-06-13 3:20:29pm - inside _doCall parameters: Array
2019-06-13 3:20:29pm - inside _doCall lab: CPTAC_TEST
2019-06-13 3:20:29pm - inside _doCall celllysate_path: Experiment_ALL_TEST_Version2
2019-06-13 3:20:29pm - inside _doCall library: ResponseCurve
2019-06-13 3:20:29pm - inside _doCall peptide: GVTIPSQR
2019-06-13 3:20:29pm - inside _doCall plot_type: 
2019-06-13 3:20:29pm - inside _doCall protein: 
2019-06-13 3:20:29pm - inside _doCall csv: 
2019-06-13 3:20:29pm - inside _doCall peptideType: 
2019-06-13 3:20:29pm - _doCall: GVTIPSQR - Query Name: PeptideIsotopeLabelModifications - Library: ResponseCurve
URL: http://cptac-proliant-linux.esacinc.com/labkey//query/CPTAC%20Assay%20Portal/CPTAC_TEST/Experiment_ALL_TEST_Version2/ResponseCurve/getQuery.view?schemaName=targetedms&query.queryName=PeptideIsotopeLabelModifications&query.PeptideModifiedSequence%7Eeq=GVTIPSQR
2019-06-13 3:20:29pm - _doCall Result - GVTIPSQR: SUCCESS
2019-06-13 3:20:49pm - inside _doCall cookie: /Users/toanle/Documents/workspace/code_trunk//swpg_files/cptac/panorama/cookie20190613151607_5d0268b7f0e71.txt
2019-06-13 3:20:49pm - inside _doCall httpMethod: GET
2019-06-13 3:20:49pm - inside _doCall path: /getQuery.view
2019-06-13 3:20:49pm - inside _doCall parameters: Array
2019-06-13 3:20:49pm - inside _doCall lab: CPTAC_TEST
2019-06-13 3:20:49pm - inside _doCall celllysate_path: Experiment_ALL_TEST_Version2
2019-06-13 3:20:49pm - inside _doCall library: ResponseCurve
2019-06-13 3:20:49pm - inside _doCall peptide: LTFQLEPNPHTK
2019-06-13 3:20:49pm - inside _doCall plot_type: 
2019-06-13 3:20:49pm - inside _doCall protein: 
2019-06-13 3:20:49pm - inside _doCall csv: 
2019-06-13 3:20:49pm - inside _doCall peptideType: 
2019-06-13 3:20:49pm - _doCall: LTFQLEPNPHTK - Query Name: PeptideIsotopeLabelModifications - Library: ResponseCurve
URL: http://cptac-proliant-linux.esacinc.com/labkey//query/CPTAC%20Assay%20Portal/CPTAC_TEST/Experiment_ALL_TEST_Version2/ResponseCurve/getQuery.view?schemaName=targetedms&query.queryName=PeptideIsotopeLabelModifications&query.PeptideModifiedSequence%7Eeq=LTFQLEPNPHTK
2019-06-13 3:20:49pm - _doCall Result - LTFQLEPNPHTK: SUCCESS
