2019-06-06 9:00:59pm - inside _doCall cookie: /Users/toanle/Documents/workspace/code_trunk//swpg_files/cptac/panorama/cookie20190606210039_5cf97ef764081.txt
2019-06-06 9:00:59pm - inside _doCall httpMethod: GET
2019-06-06 9:00:59pm - inside _doCall path: /selectRows.api
2019-06-06 9:00:59pm - inside _doCall parameters: Array
2019-06-06 9:00:59pm - inside _doCall lab: CPTAC_TEST
2019-06-06 9:00:59pm - inside _doCall celllysate_path: Experiment_ALL_TEST_Version2
2019-06-06 9:00:59pm - inside _doCall library: ResponseCurve
2019-06-06 9:00:59pm - inside _doCall peptide: 
2019-06-06 9:00:59pm - inside _doCall plot_type: 
2019-06-06 9:00:59pm - inside _doCall protein: 
2019-06-06 9:00:59pm - inside _doCall csv: 
2019-06-06 9:00:59pm - inside _doCall peptideType: 
2019-06-06 9:00:59pm - _doCall:  - Query Name: Peptide - Library: ResponseCurve
URL: http://cptac-proliant-linux.esacinc.com/labkey//query/CPTAC%20Assay%20Portal/CPTAC_TEST/Experiment_ALL_TEST_Version2/ResponseCurve/selectRows.api?schemaName=targetedms&query.queryName=Peptide&query.columns=Sequence%2CPeptideModifiedSequence%2CRtCalculatorScore%2CStartIndex%2CEndIndex%2CCalcNeutralMass%2CPeptideGroupId%2FLabel%2CPeptideGroupId%2FRunId%2CPeptideGroupId%2FRunId%2FCreated%2CPeptideGroupId%2FRunId%2FFile%2FFileName%2CPeptideGroupId%2FDescription
2019-06-06 9:01:00pm - _doCall Result - : SUCCESS
2019-06-06 9:03:20pm - inside _doCall cookie: /Users/toanle/Documents/workspace/code_trunk//swpg_files/cptac/panorama/cookie20190606210039_5cf97ef764081.txt
2019-06-06 9:03:20pm - inside _doCall httpMethod: GET
2019-06-06 9:03:20pm - inside _doCall path: /getQuery.view
2019-06-06 9:03:20pm - inside _doCall parameters: Array
2019-06-06 9:03:20pm - inside _doCall lab: CPTAC_TEST
2019-06-06 9:03:20pm - inside _doCall celllysate_path: Experiment_ALL_TEST_Version2
2019-06-06 9:03:20pm - inside _doCall library: ResponseCurve
2019-06-06 9:03:20pm - inside _doCall peptide: LDQPGNLPGSNR
2019-06-06 9:03:20pm - inside _doCall plot_type: 
2019-06-06 9:03:20pm - inside _doCall protein: 
2019-06-06 9:03:20pm - inside _doCall csv: 
2019-06-06 9:03:20pm - inside _doCall peptideType: 
2019-06-06 9:03:20pm - _doCall: LDQPGNLPGSNR - Query Name: PeptideIsotopeLabelModifications - Library: ResponseCurve
URL: http://cptac-proliant-linux.esacinc.com/labkey//query/CPTAC%20Assay%20Portal/CPTAC_TEST/Experiment_ALL_TEST_Version2/ResponseCurve/getQuery.view?schemaName=targetedms&query.queryName=PeptideIsotopeLabelModifications&query.PeptideModifiedSequence%7Eeq=LDQPGNLPGSNR
2019-06-06 9:03:40pm - _doCall Result - LDQPGNLPGSNR: SUCCESS
2019-06-06 9:04:00pm - inside _doCall cookie: /Users/toanle/Documents/workspace/code_trunk//swpg_files/cptac/panorama/cookie20190606210039_5cf97ef764081.txt
2019-06-06 9:04:00pm - inside _doCall httpMethod: GET
2019-06-06 9:04:00pm - inside _doCall path: /getQuery.view
2019-06-06 9:04:00pm - inside _doCall parameters: Array
2019-06-06 9:04:00pm - inside _doCall lab: CPTAC_TEST
2019-06-06 9:04:00pm - inside _doCall celllysate_path: Experiment_ALL_TEST_Version2
2019-06-06 9:04:00pm - inside _doCall library: ResponseCurve
2019-06-06 9:04:00pm - inside _doCall peptide: AQYEEIANR
2019-06-06 9:04:00pm - inside _doCall plot_type: 
2019-06-06 9:04:00pm - inside _doCall protein: 
2019-06-06 9:04:00pm - inside _doCall csv: 
2019-06-06 9:04:00pm - inside _doCall peptideType: 
2019-06-06 9:04:00pm - _doCall: AQYEEIANR - Query Name: PeptideIsotopeLabelModifications - Library: ResponseCurve
URL: http://cptac-proliant-linux.esacinc.com/labkey//query/CPTAC%20Assay%20Portal/CPTAC_TEST/Experiment_ALL_TEST_Version2/ResponseCurve/getQuery.view?schemaName=targetedms&query.queryName=PeptideIsotopeLabelModifications&query.PeptideModifiedSequence%7Eeq=AQYEEIANR
2019-06-06 9:04:00pm - _doCall Result - AQYEEIANR: SUCCESS
2019-06-06 9:04:20pm - inside _doCall cookie: /Users/toanle/Documents/workspace/code_trunk//swpg_files/cptac/panorama/cookie20190606210039_5cf97ef764081.txt
2019-06-06 9:04:20pm - inside _doCall httpMethod: GET
2019-06-06 9:04:20pm - inside _doCall path: /getQuery.view
2019-06-06 9:04:20pm - inside _doCall parameters: Array
2019-06-06 9:04:20pm - inside _doCall lab: CPTAC_TEST
2019-06-06 9:04:20pm - inside _doCall celllysate_path: Experiment_ALL_TEST_Version2
2019-06-06 9:04:20pm - inside _doCall library: ResponseCurve
2019-06-06 9:04:20pm - inside _doCall peptide: AGLTLQQQHQR
2019-06-06 9:04:20pm - inside _doCall plot_type: 
2019-06-06 9:04:20pm - inside _doCall protein: 
2019-06-06 9:04:20pm - inside _doCall csv: 
2019-06-06 9:04:20pm - inside _doCall peptideType: 
2019-06-06 9:04:20pm - _doCall: AGLTLQQQHQR - Query Name: PeptideIsotopeLabelModifications - Library: ResponseCurve
URL: http://cptac-proliant-linux.esacinc.com/labkey//query/CPTAC%20Assay%20Portal/CPTAC_TEST/Experiment_ALL_TEST_Version2/ResponseCurve/getQuery.view?schemaName=targetedms&query.queryName=PeptideIsotopeLabelModifications&query.PeptideModifiedSequence%7Eeq=AGLTLQQQHQR
2019-06-06 9:04:20pm - _doCall Result - AGLTLQQQHQR: SUCCESS
2019-06-06 9:04:40pm - inside _doCall cookie: /Users/toanle/Documents/workspace/code_trunk//swpg_files/cptac/panorama/cookie20190606210039_5cf97ef764081.txt
2019-06-06 9:04:40pm - inside _doCall httpMethod: GET
2019-06-06 9:04:40pm - inside _doCall path: /getQuery.view
2019-06-06 9:04:40pm - inside _doCall parameters: Array
2019-06-06 9:04:40pm - inside _doCall lab: CPTAC_TEST
2019-06-06 9:04:40pm - inside _doCall celllysate_path: Experiment_ALL_TEST_Version2
2019-06-06 9:04:40pm - inside _doCall library: ResponseCurve
2019-06-06 9:04:40pm - inside _doCall peptide: GLQSLPTHDPSPLQR
2019-06-06 9:04:40pm - inside _doCall plot_type: 
2019-06-06 9:04:40pm - inside _doCall protein: 
2019-06-06 9:04:40pm - inside _doCall csv: 
2019-06-06 9:04:40pm - inside _doCall peptideType: 
2019-06-06 9:04:40pm - _doCall: GLQSLPTHDPSPLQR - Query Name: PeptideIsotopeLabelModifications - Library: ResponseCurve
URL: http://cptac-proliant-linux.esacinc.com/labkey//query/CPTAC%20Assay%20Portal/CPTAC_TEST/Experiment_ALL_TEST_Version2/ResponseCurve/getQuery.view?schemaName=targetedms&query.queryName=PeptideIsotopeLabelModifications&query.PeptideModifiedSequence%7Eeq=GLQSLPTHDPSPLQR
2019-06-06 9:04:40pm - _doCall Result - GLQSLPTHDPSPLQR: SUCCESS
2019-06-06 9:05:00pm - inside _doCall cookie: /Users/toanle/Documents/workspace/code_trunk//swpg_files/cptac/panorama/cookie20190606210039_5cf97ef764081.txt
2019-06-06 9:05:00pm - inside _doCall httpMethod: GET
2019-06-06 9:05:00pm - inside _doCall path: /getQuery.view
2019-06-06 9:05:00pm - inside _doCall parameters: Array
2019-06-06 9:05:00pm - inside _doCall lab: CPTAC_TEST
2019-06-06 9:05:00pm - inside _doCall celllysate_path: Experiment_ALL_TEST_Version2
2019-06-06 9:05:00pm - inside _doCall library: ResponseCurve
2019-06-06 9:05:00pm - inside _doCall peptide: GVTIPSQR
2019-06-06 9:05:00pm - inside _doCall plot_type: 
2019-06-06 9:05:00pm - inside _doCall protein: 
2019-06-06 9:05:00pm - inside _doCall csv: 
2019-06-06 9:05:00pm - inside _doCall peptideType: 
2019-06-06 9:05:00pm - _doCall: GVTIPSQR - Query Name: PeptideIsotopeLabelModifications - Library: ResponseCurve
URL: http://cptac-proliant-linux.esacinc.com/labkey//query/CPTAC%20Assay%20Portal/CPTAC_TEST/Experiment_ALL_TEST_Version2/ResponseCurve/getQuery.view?schemaName=targetedms&query.queryName=PeptideIsotopeLabelModifications&query.PeptideModifiedSequence%7Eeq=GVTIPSQR
2019-06-06 9:05:01pm - _doCall Result - GVTIPSQR: SUCCESS
2019-06-06 9:05:21pm - inside _doCall cookie: /Users/toanle/Documents/workspace/code_trunk//swpg_files/cptac/panorama/cookie20190606210039_5cf97ef764081.txt
2019-06-06 9:05:21pm - inside _doCall httpMethod: GET
2019-06-06 9:05:21pm - inside _doCall path: /getQuery.view
2019-06-06 9:05:21pm - inside _doCall parameters: Array
2019-06-06 9:05:21pm - inside _doCall lab: CPTAC_TEST
2019-06-06 9:05:21pm - inside _doCall celllysate_path: Experiment_ALL_TEST_Version2
2019-06-06 9:05:21pm - inside _doCall library: ResponseCurve
2019-06-06 9:05:21pm - inside _doCall peptide: LTFQLEPNPHTK
2019-06-06 9:05:21pm - inside _doCall plot_type: 
2019-06-06 9:05:21pm - inside _doCall protein: 
2019-06-06 9:05:21pm - inside _doCall csv: 
2019-06-06 9:05:21pm - inside _doCall peptideType: 
2019-06-06 9:05:21pm - _doCall: LTFQLEPNPHTK - Query Name: PeptideIsotopeLabelModifications - Library: ResponseCurve
URL: http://cptac-proliant-linux.esacinc.com/labkey//query/CPTAC%20Assay%20Portal/CPTAC_TEST/Experiment_ALL_TEST_Version2/ResponseCurve/getQuery.view?schemaName=targetedms&query.queryName=PeptideIsotopeLabelModifications&query.PeptideModifiedSequence%7Eeq=LTFQLEPNPHTK
2019-06-06 9:05:21pm - _doCall Result - LTFQLEPNPHTK: SUCCESS
